2024-01-17 11:53:07,591 [INFO] Activator:176 - 


2024-01-17 11:53:07,596 [INFO] Activator:177 - !SESSION log4j initialized
2024-01-17 11:53:12,632 [INFO] LogOutputStream:77 - [STDOUT_REDIRECT] 
2024-01-17 11:53:14,389 [INFO] ApplicationProperties:184 - Using Application install path: C:\ST\STM32CubeIDE_1.13.2\STM32CubeIDE\plugins\com.st.stm32cube.common.mx_6.9.2.202309101412
2024-01-17 11:53:14,402 [INFO] DbMcusXml:78 - Set database path to: C:\ST\STM32CubeIDE_1.13.2\STM32CubeIDE\plugins\com.st.stm32cube.common.mx_6.9.2.202309101412\\db\/mcu/
2024-01-17 11:53:14,403 [INFO] ApiDb:274 - Set plugin database path to: C:\ST\STM32CubeIDE_1.13.2\STM32CubeIDE\plugins\com.st.stm32cube.common.mx_6.9.2.202309101412\\db\/plugins/boardmanager/
2024-01-17 11:53:14,403 [WARN] ApiDb:259 - Overriding images path with different value:  => C:\ST\STM32CubeIDE_1.13.2\STM32CubeIDE\plugins\com.st.stm32cube.common.mx_6.9.2.202309101412\\db\/plugins/mcufinder/images/
2024-01-17 11:53:14,412 [INFO] ApiDb:250 - Set database path to: C:\Users\tatek\.stmcufinder\plugins\mcufinder//mcu/
2024-01-17 11:53:14,413 [INFO] DbMcusAds:125 - Set database path to: C:\Users\tatek\.stmcufinder\plugins\mcufinder//mcu/
2024-01-17 11:53:14,414 [INFO] CrossReferenceDbSqlite:203 - Set database path to: C:\Users\tatek\.stmcufinder\plugins\mcufinder//mcu/cs/
2024-01-17 11:53:14,493 [INFO] RulesReader:64 - Compatibility file has been processed (293 Rules)
2024-01-17 11:53:14,567 [INFO] DbMcusXml:78 - Set database path to: C:\ST\STM32CubeIDE_1.13.2\STM32CubeIDE\plugins\com.st.stm32cube.common.mx_6.9.2.202309101412\\db\/mcu/
2024-01-17 11:53:14,567 [INFO] ApiDb:274 - Set plugin database path to: C:\ST\STM32CubeIDE_1.13.2\STM32CubeIDE\plugins\com.st.stm32cube.common.mx_6.9.2.202309101412\\db\/plugins/boardmanager/
2024-01-17 11:53:14,567 [INFO] ApiDb:261 - Set plugin images path to: C:\ST\STM32CubeIDE_1.13.2\STM32CubeIDE\plugins\com.st.stm32cube.common.mx_6.9.2.202309101412\\db\/plugins/mcufinder/images/
2024-01-17 11:53:14,567 [WARN] DbFile:41 - Overriding database path with different value: C:\Users\tatek\.stmcufinder\plugins\mcufinder/ => C:\Users\tatek\.stmcufinder\plugins\mcufinder
2024-01-17 11:53:14,567 [INFO] ApiDb:250 - Set database path to: C:\Users\tatek\.stmcufinder\plugins\mcufinder//mcu/
2024-01-17 11:53:14,567 [WARN] DbFile:41 - Overriding database path with different value: C:\Users\tatek\.stmcufinder\plugins\mcufinder/ => C:\Users\tatek\.stmcufinder\plugins\mcufinder
2024-01-17 11:53:14,567 [INFO] DbMcusAds:125 - Set database path to: C:\Users\tatek\.stmcufinder\plugins\mcufinder//mcu/
2024-01-17 11:53:14,567 [WARN] DbFile:41 - Overriding database path with different value: C:\Users\tatek\.stmcufinder\plugins\mcufinder/ => C:\Users\tatek\.stmcufinder\plugins\mcufinder
2024-01-17 11:53:14,567 [WARN] DbFile:41 - Overriding database path with different value: C:\Users\tatek\.stmcufinder\plugins\mcufinder/ => C:\Users\tatek\.stmcufinder\plugins\mcufinder
2024-01-17 11:53:14,567 [INFO] CrossReferenceDbSqlite:203 - Set database path to: C:\Users\tatek\.stmcufinder\plugins\mcufinder//mcu/cs/
2024-01-17 11:53:14,626 [INFO] MainPanel:262 - HeapMemory: 268435456
2024-01-17 11:53:14,693 [INFO] DbMcusXml:78 - Set database path to: C:\ST\STM32CubeIDE_1.13.2\STM32CubeIDE\plugins\com.st.stm32cube.common.mx_6.9.2.202309101412\\db\/mcu/
2024-01-17 11:53:14,694 [INFO] ApiDb:274 - Set plugin database path to: C:\ST\STM32CubeIDE_1.13.2\STM32CubeIDE\plugins\com.st.stm32cube.common.mx_6.9.2.202309101412\\db\/plugins/boardmanager/
2024-01-17 11:53:14,694 [INFO] ApiDb:261 - Set plugin images path to: C:\ST\STM32CubeIDE_1.13.2\STM32CubeIDE\plugins\com.st.stm32cube.common.mx_6.9.2.202309101412\\db\/plugins/mcufinder/images/
2024-01-17 11:53:14,694 [WARN] DbFile:41 - Overriding database path with different value: C:\Users\tatek\.stmcufinder\plugins\mcufinder/ => C:\Users\tatek\.stmcufinder\plugins\mcufinder
2024-01-17 11:53:14,694 [INFO] ApiDb:250 - Set database path to: C:\Users\tatek\.stmcufinder\plugins\mcufinder//mcu/
2024-01-17 11:53:14,694 [WARN] DbFile:41 - Overriding database path with different value: C:\Users\tatek\.stmcufinder\plugins\mcufinder/ => C:\Users\tatek\.stmcufinder\plugins\mcufinder
2024-01-17 11:53:14,694 [INFO] DbMcusAds:125 - Set database path to: C:\Users\tatek\.stmcufinder\plugins\mcufinder//mcu/
2024-01-17 11:53:14,694 [WARN] DbFile:41 - Overriding database path with different value: C:\Users\tatek\.stmcufinder\plugins\mcufinder/ => C:\Users\tatek\.stmcufinder\plugins\mcufinder
2024-01-17 11:53:14,694 [WARN] DbFile:41 - Overriding database path with different value: C:\Users\tatek\.stmcufinder\plugins\mcufinder/ => C:\Users\tatek\.stmcufinder\plugins\mcufinder
2024-01-17 11:53:14,694 [INFO] CrossReferenceDbSqlite:203 - Set database path to: C:\Users\tatek\.stmcufinder\plugins\mcufinder//mcu/cs/
2024-01-17 11:53:14,708 [INFO] ApplicationProperties:184 - Using Application install path: C:\ST\STM32CubeIDE_1.13.2\STM32CubeIDE\plugins\com.st.stm32cube.common.mx_6.9.2.202309101412
2024-01-17 11:53:14,709 [INFO] PluginManage:196 - Search for loadable plugins [exclusion list=, ]
2024-01-17 11:53:14,710 [INFO] PluginManage:310 - Check plugin analytics
2024-01-17 11:53:14,828 [INFO] AnalyticsPlugin:253 - Accepted Software Licenses: 
2024-01-17 11:53:14,828 [INFO] AnalyticsPlugin:255 - Accepted CMSIS Pack Licenses: 
2024-01-17 11:53:14,828 [INFO] AnalyticsPlugin:257 - Accepted Firmware Licenses: 
2024-01-17 11:53:14,830 [INFO] PluginManage:359 - Loaded plugin analytics (category:tool,tabindex:-1)
2024-01-17 11:53:14,830 [INFO] PluginManage:310 - Check plugin cadmodel
2024-01-17 11:53:14,842 [INFO] CADModel:105 - Init CAD model plugin
2024-01-17 11:53:14,843 [INFO] PluginManage:359 - Loaded plugin cadmodel (category:power,tabindex:5)
2024-01-17 11:53:14,843 [INFO] PluginManage:310 - Check plugin clock
2024-01-17 11:53:14,861 [INFO] PluginManage:359 - Loaded plugin clock (category:base,tabindex:2)
2024-01-17 11:53:14,861 [INFO] PluginManage:310 - Check plugin ddr
2024-01-17 11:53:14,863 [INFO] PluginManage:359 - Loaded plugin ddr (category:tool,tabindex:6)
2024-01-17 11:53:14,863 [INFO] PluginManage:310 - Check plugin filemanager
2024-01-17 11:53:14,975 [INFO] PluginManage:359 - Loaded plugin filemanager (category:base,tabindex:10)
2024-01-17 11:53:14,975 [INFO] PluginManage:310 - Check plugin ipmanager
2024-01-17 11:53:14,981 [INFO] PluginManage:359 - Loaded plugin ipmanager (category:base,tabindex:5)
2024-01-17 11:53:14,981 [INFO] PluginManage:310 - Check plugin lpbam
2024-01-17 11:53:14,996 [INFO] PluginManage:359 - Loaded plugin lpbam (category:base,tabindex:0)
2024-01-17 11:53:14,996 [INFO] PluginManage:310 - Check plugin memorymap
2024-01-17 11:53:15,014 [INFO] PluginManage:359 - Loaded plugin memorymap (category:base,tabindex:4)
2024-01-17 11:53:15,014 [INFO] PluginManage:310 - Check plugin pinoutandconfiguration
2024-01-17 11:53:15,027 [INFO] PluginManage:359 - Loaded plugin pinoutandconfiguration (category:base,tabindex:1)
2024-01-17 11:53:15,027 [INFO] PluginManage:310 - Check plugin pinoutconfig
2024-01-17 11:53:15,102 [WARN] SupportedApi:132 - Cannot load RTOS API schema: s4s-elt-must-match.1: The content of 'definitions' must match (annotation?, (simpleType | complexType)?, (unique | key | keyref)*)). A problem was found starting at: attribute.
2024-01-17 11:53:15,196 [INFO] PluginManage:359 - Loaded plugin pinoutconfig (category:base,tabindex:0)
2024-01-17 11:53:15,196 [INFO] PluginManage:310 - Check plugin power
2024-01-17 11:53:15,211 [INFO] PluginManage:359 - Loaded plugin power (category:power,tabindex:4)
2024-01-17 11:53:15,212 [INFO] PluginManage:310 - Check plugin projectmanager
2024-01-17 11:53:15,222 [INFO] PluginManage:359 - Loaded plugin projectmanager (category:projectmanager,tabindex:3)
2024-01-17 11:53:15,222 [INFO] PluginManage:310 - Check plugin thirdparty
2024-01-17 11:53:15,423 [INFO] PluginManage:359 - Loaded plugin thirdparty (category:base,tabindex:-1)
2024-01-17 11:53:15,423 [WARN] IntegrityCheckThread:84 - waiting for thirdparty lock release [integrity check]
2024-01-17 11:53:15,423 [INFO] PluginManage:310 - Check plugin tools
2024-01-17 11:53:15,423 [INFO] IntegrityCheckThread:86 - entering critical section [integrity check]
2024-01-17 11:53:15,424 [INFO] ThirdPartyUpdaterWithRetryManager:70 - Updater plugin not ready yet. [1/15]
2024-01-17 11:53:15,450 [INFO] PluginManage:359 - Loaded plugin tools (category:base,tabindex:7)
2024-01-17 11:53:15,450 [INFO] PluginManage:310 - Check plugin tutovideos
2024-01-17 11:53:15,587 [INFO] PluginManage:359 - Loaded plugin tutovideos (category:base,tabindex:-1)
2024-01-17 11:53:15,588 [INFO] PluginManage:310 - Check plugin updater
2024-01-17 11:53:15,596 [INFO] PluginManage:359 - Loaded plugin updater (category:base,tabindex:12)
2024-01-17 11:53:15,596 [INFO] PluginManage:310 - Check plugin userauth
2024-01-17 11:53:15,599 [INFO] UserAuth:113 - Init User Auth plugin
2024-01-17 11:53:15,600 [INFO] PluginManage:359 - Loaded plugin userauth (category:base,tabindex:14)
2024-01-17 11:53:15,600 [INFO] PluginManage:283 - PluginManage : Loaded plugins [17]
2024-01-17 11:53:15,757 [INFO] PinOutPanel:1499 - setPackage(No Configuration,No Configuration)
2024-01-17 11:53:15,838 [INFO] CADModel:165 - CPN selected for project level
2024-01-17 11:53:15,838 [INFO] CADModel:114 - Register for checkConnection events
2024-01-17 11:53:15,858 [INFO] IPUIPlugin:80 - create IPUIPlugin
2024-01-17 11:53:15,858 [INFO] PluginManager:220 - loadIPPluginJar : add adc
2024-01-17 11:53:15,887 [INFO] IPUIPlugin:80 - create IPUIPlugin
2024-01-17 11:53:15,887 [INFO] PluginManager:220 - loadIPPluginJar : add aes
2024-01-17 11:53:15,920 [INFO] IPUIPlugin:80 - create IPUIPlugin
2024-01-17 11:53:15,920 [INFO] PluginManager:220 - loadIPPluginJar : add can
2024-01-17 11:53:15,938 [INFO] IPUIPlugin:80 - create IPUIPlugin
2024-01-17 11:53:15,938 [INFO] PluginManager:220 - loadIPPluginJar : add comp
2024-01-17 11:53:15,965 [INFO] IPUIPlugin:80 - create IPUIPlugin
2024-01-17 11:53:15,965 [INFO] PluginManager:220 - loadIPPluginJar : add cryp
2024-01-17 11:53:15,990 [INFO] IPUIPlugin:80 - create IPUIPlugin
2024-01-17 11:53:15,990 [INFO] PluginManager:220 - loadIPPluginJar : add dfsdm
2024-01-17 11:53:16,002 [INFO] IPUIPlugin:80 - create IPUIPlugin
2024-01-17 11:53:16,002 [INFO] PluginManager:220 - loadIPPluginJar : add dma
2024-01-17 11:53:16,037 [INFO] IPUIPlugin:80 - create IPUIPlugin
2024-01-17 11:53:16,037 [INFO] PluginManager:220 - loadIPPluginJar : add dma3
2024-01-17 11:53:16,053 [INFO] IPUIPlugin:80 - create IPUIPlugin
2024-01-17 11:53:16,053 [INFO] PluginManager:220 - loadIPPluginJar : add fatfs
2024-01-17 11:53:16,088 [INFO] IPUIPlugin:80 - create IPUIPlugin
2024-01-17 11:53:16,088 [INFO] PluginManager:220 - loadIPPluginJar : add fmc
2024-01-17 11:53:16,100 [INFO] IPUIPlugin:80 - create IPUIPlugin
2024-01-17 11:53:16,100 [INFO] PluginManager:220 - loadIPPluginJar : add freertos
2024-01-17 11:53:16,115 [INFO] IPUIPlugin:80 - create IPUIPlugin
2024-01-17 11:53:16,115 [INFO] PluginManager:220 - loadIPPluginJar : add genericplugin
2024-01-17 11:53:16,178 [INFO] IPUIPlugin:80 - create IPUIPlugin
2024-01-17 11:53:16,178 [INFO] PluginManager:220 - loadIPPluginJar : add gfxmmu
2024-01-17 11:53:16,266 [INFO] IPUIPlugin:80 - create IPUIPlugin
2024-01-17 11:53:16,266 [INFO] PluginManager:220 - loadIPPluginJar : add gic
2024-01-17 11:53:16,276 [INFO] IPUIPlugin:80 - create IPUIPlugin
2024-01-17 11:53:16,276 [INFO] PluginManager:220 - loadIPPluginJar : add gpio
2024-01-17 11:53:16,340 [INFO] IPUIPlugin:80 - create IPUIPlugin
2024-01-17 11:53:16,340 [INFO] PluginManager:220 - loadIPPluginJar : add gtzc
2024-01-17 11:53:16,362 [INFO] IPUIPlugin:80 - create IPUIPlugin
2024-01-17 11:53:16,362 [INFO] PluginManager:220 - loadIPPluginJar : add hash
2024-01-17 11:53:16,398 [INFO] IPUIPlugin:80 - create IPUIPlugin
2024-01-17 11:53:16,398 [INFO] PluginManager:220 - loadIPPluginJar : add i2c
2024-01-17 11:53:16,426 [INFO] IPUIPlugin:80 - create IPUIPlugin
2024-01-17 11:53:16,426 [INFO] PluginManager:220 - loadIPPluginJar : add i2s
2024-01-17 11:53:16,455 [INFO] IPUIPlugin:80 - create IPUIPlugin
2024-01-17 11:53:16,455 [INFO] PluginManager:220 - loadIPPluginJar : add i3c
2024-01-17 11:53:16,529 [INFO] IPUIPlugin:80 - create IPUIPlugin
2024-01-17 11:53:16,530 [INFO] PluginManager:220 - loadIPPluginJar : add ipddr
2024-01-17 11:53:16,591 [INFO] IPUIPlugin:80 - create IPUIPlugin
2024-01-17 11:53:16,591 [INFO] PluginManager:220 - loadIPPluginJar : add linkedlist
2024-01-17 11:53:16,615 [INFO] IPUIPlugin:80 - create IPUIPlugin
2024-01-17 11:53:16,615 [INFO] PluginManager:220 - loadIPPluginJar : add lorawan
2024-01-17 11:53:16,640 [INFO] IPUIPlugin:80 - create IPUIPlugin
2024-01-17 11:53:16,640 [INFO] PluginManager:220 - loadIPPluginJar : add ltdc
2024-01-17 11:53:16,651 [INFO] IPUIPlugin:80 - create IPUIPlugin
2024-01-17 11:53:16,652 [INFO] PluginManager:220 - loadIPPluginJar : add mdma
2024-01-17 11:53:16,662 [INFO] IPUIPlugin:80 - create IPUIPlugin
2024-01-17 11:53:16,662 [INFO] PluginManager:220 - loadIPPluginJar : add nvic
2024-01-17 11:53:16,687 [INFO] IPUIPlugin:80 - create IPUIPlugin
2024-01-17 11:53:16,687 [INFO] PluginManager:220 - loadIPPluginJar : add opamp
2024-01-17 11:53:16,730 [INFO] IPUIPlugin:80 - create IPUIPlugin
2024-01-17 11:53:16,730 [INFO] PluginManager:220 - loadIPPluginJar : add openamp
2024-01-17 11:53:16,765 [INFO] IPUIPlugin:80 - create IPUIPlugin
2024-01-17 11:53:16,765 [INFO] PluginManager:220 - loadIPPluginJar : add pdm2pcm
2024-01-17 11:53:16,777 [INFO] IPUIPlugin:80 - create IPUIPlugin
2024-01-17 11:53:16,779 [INFO] PluginManager:220 - loadIPPluginJar : add plateformsettings
2024-01-17 11:53:16,798 [INFO] IPUIPlugin:80 - create IPUIPlugin
2024-01-17 11:53:16,798 [INFO] PluginManager:220 - loadIPPluginJar : add quadspi
2024-01-17 11:53:16,808 [INFO] IPUIPlugin:80 - create IPUIPlugin
2024-01-17 11:53:16,808 [INFO] PluginManager:220 - loadIPPluginJar : add resmgrutility
2024-01-17 11:53:16,860 [INFO] IPUIPlugin:80 - create IPUIPlugin
2024-01-17 11:53:16,860 [INFO] PluginManager:220 - loadIPPluginJar : add sai
2024-01-17 11:53:16,891 [INFO] IPUIPlugin:80 - create IPUIPlugin
2024-01-17 11:53:16,891 [INFO] PluginManager:220 - loadIPPluginJar : add spi
2024-01-17 11:53:16,933 [INFO] IPUIPlugin:80 - create IPUIPlugin
2024-01-17 11:53:16,934 [INFO] PluginManager:220 - loadIPPluginJar : add stm32_wpan
2024-01-17 11:53:16,950 [INFO] IPUIPlugin:80 - create IPUIPlugin
2024-01-17 11:53:16,951 [INFO] PluginManager:220 - loadIPPluginJar : add tim
2024-01-17 11:53:16,991 [INFO] IPUIPlugin:80 - create IPUIPlugin
2024-01-17 11:53:16,991 [INFO] PluginManager:220 - loadIPPluginJar : add touchsensing
2024-01-17 11:53:17,008 [INFO] IPUIPlugin:80 - create IPUIPlugin
2024-01-17 11:53:17,008 [INFO] PluginManager:220 - loadIPPluginJar : add tracer_emb
2024-01-17 11:53:17,027 [INFO] IPUIPlugin:80 - create IPUIPlugin
2024-01-17 11:53:17,027 [INFO] PluginManager:220 - loadIPPluginJar : add ts
2024-01-17 11:53:17,044 [INFO] IPUIPlugin:80 - create IPUIPlugin
2024-01-17 11:53:17,045 [INFO] PluginManager:220 - loadIPPluginJar : add tsc
2024-01-17 11:53:17,062 [INFO] IPUIPlugin:80 - create IPUIPlugin
2024-01-17 11:53:17,063 [INFO] PluginManager:220 - loadIPPluginJar : add ucpd
2024-01-17 11:53:17,102 [INFO] IPUIPlugin:80 - create IPUIPlugin
2024-01-17 11:53:17,102 [INFO] PluginManager:220 - loadIPPluginJar : add usart
2024-01-17 11:53:17,134 [INFO] IPUIPlugin:80 - create IPUIPlugin
2024-01-17 11:53:17,135 [INFO] PluginManager:220 - loadIPPluginJar : add usbx
2024-01-17 11:53:17,245 [INFO] CADModel:165 - CPN selected for project level
2024-01-17 11:53:17,245 [INFO] CADModel:114 - Register for checkConnection events
2024-01-17 11:53:17,245 [FATAL] Updater:308 - Updater called before beeing initialized
2024-01-17 11:53:17,245 [ERROR] CADModel:125 - Updater not yet initialized, retry later 
2024-01-17 11:53:17,355 [INFO] CADModel:165 - CPN selected for project level
2024-01-17 11:53:17,355 [INFO] CADModel:114 - Register for checkConnection events
2024-01-17 11:53:17,355 [FATAL] Updater:308 - Updater called before beeing initialized
2024-01-17 11:53:17,355 [ERROR] CADModel:125 - Updater not yet initialized, retry later 
2024-01-17 11:53:17,358 [FATAL] Updater:308 - Updater called before beeing initialized
2024-01-17 11:53:17,430 [FATAL] Updater:308 - Updater called before beeing initialized
2024-01-17 11:53:17,437 [INFO] DbMcusAds:53 - JSON generation date=Wed Nov 29 02:52:27 PST 2023 (1701255147349)
2024-01-17 11:53:17,438 [FATAL] Updater:308 - Updater called before beeing initialized
2024-01-17 11:53:17,497 [WARN] DetailPanel:346 - Failed to get advertising image, set to default
2024-01-17 11:53:17,576 [FATAL] Updater:308 - Updater called before beeing initialized
2024-01-17 11:53:17,577 [FATAL] Updater:308 - Updater called before beeing initialized
2024-01-17 11:53:17,577 [FATAL] Updater:308 - Updater called before beeing initialized
2024-01-17 11:53:17,577 [WARN] DetailPanel:346 - Failed to get advertising image, set to default
2024-01-17 11:53:17,578 [FATAL] Updater:308 - Updater called before beeing initialized
2024-01-17 11:53:17,622 [ERROR] Updater:1120 - MainUpdater not yet initialized. External WinMGr cannot be set.
2024-01-17 11:53:17,631 [INFO] Updater:1056 - Updater Version found : 6.9.2
2024-01-17 11:53:17,647 [INFO] ApplicationProperties:184 - Using Application install path: C:\ST\STM32CubeIDE_1.13.2\STM32CubeIDE\plugins\com.st.stm32cube.common.mx_6.9.2.202309101412
2024-01-17 11:53:18,425 [INFO] ThirdPartyUpdaterWithRetryManager:70 - Updater plugin not ready yet. [2/15]
2024-01-17 11:53:18,483 [INFO] MainUpdater:2868 - connection check result : 10
2024-01-17 11:53:18,483 [INFO] MainUpdater:285 - Updater Check For Update Now.
2024-01-17 11:53:18,484 [INFO] MicroXplorer:498 - Change Database Version : DB.6.0.92
2024-01-17 11:53:18,494 [INFO] McuFinderGlobals:63 - Set McuFinder mode to 2 (CubeIDE integrated)
2024-01-17 11:53:18,494 [INFO] UserAuth:179 - activating auth plugin
2024-01-17 11:53:18,497 [INFO] UserAuth:393 - Internet connection configuration mode: 1
2024-01-17 11:53:18,524 [INFO] JxBrowserEngine:151 - Initiate JxBrowser Engine with user profile folder
2024-01-17 11:53:18,663 [INFO] CheckServerUpdateThread:120 - End of CheckServer Thread
2024-01-17 11:53:20,158 [INFO] WebApp:157 - Instantiating new browser for Auth
2024-01-17 11:53:20,598 [INFO] WebApp:753 - Register for checkConnection events
2024-01-17 11:53:20,599 [INFO] WebApp:390 - Apply proxy settings
2024-01-17 11:53:20,599 [INFO] WebApp:475 - Chromium requires no authentication
2024-01-17 11:53:20,604 [INFO] WebApp:418 - Direct internet connection detected
2024-01-17 11:53:20,716 [INFO] WebApp:188 - Starting web application
2024-01-17 11:53:20,716 [INFO] WebApp:520 - Web application path used C:\ST\STM32CubeIDE_1.13.2\STM32CubeIDE\plugins\com.st.stm32cube.common.mx_6.9.2.202309101412\db\plugins\mcufinder\reactClient1\index.html
2024-01-17 11:53:21,551 [WARN] PackLoader:240 - Cannot read IP mode file for STMicroelectronics.X-CUBE-SMBUS.2.1.0
2024-01-17 11:53:21,562 [WARN] PackLoader:240 - Cannot read IP mode file for STMicroelectronics.X-CUBE-TOUCHGFX.4.23.0
2024-01-17 11:53:21,593 [WARN] PackLoader:240 - Cannot read IP mode file for STMicroelectronics.X-CUBE-AZRTOS-F7.1.1.0
2024-01-17 11:53:21,607 [WARN] PackLoader:240 - Cannot read IP mode file for STMicroelectronics.FP-SNS-MOTENV1.4.3.2
2024-01-17 11:53:21,619 [WARN] PackLoader:240 - Cannot read IP mode file for STMicroelectronics.FP-SNS-FLIGHT1.5.0.2
2024-01-17 11:53:21,634 [WARN] PackLoader:240 - Cannot read IP mode file for STMicroelectronics.X-CUBE-DISPLAY.3.0.0
2024-01-17 11:53:21,652 [WARN] PackLoader:240 - Cannot read IP mode file for STMicroelectronics.X-CUBE-BLE1.7.0.0
2024-01-17 11:53:21,663 [WARN] PackLoader:240 - Cannot read IP mode file for emotas.I-CUBE-CANOPEN.1.3.0
2024-01-17 11:53:21,672 [WARN] PackLoader:240 - Cannot read IP mode file for STMicroelectronics.X-CUBE-TOUCHGFX.4.22.1
2024-01-17 11:53:21,681 [WARN] PackLoader:240 - Cannot read IP mode file for STMicroelectronics.FP-SNS-SMARTAG2.1.2.0
2024-01-17 11:53:21,695 [INFO] LogOutputStream:77 - [STDOUT_REDIRECT] 1 : Invalid condition id : UX_CORESTACK_Condition cause : null
2024-01-17 11:53:21,696 [INFO] LogOutputStream:77 - [STDOUT_REDIRECT] 1 : Invalid condition id : UX_CORESTACK_Condition cause : null
2024-01-17 11:53:21,696 [INFO] LogOutputStream:77 - [STDOUT_REDIRECT] 1 : Invalid condition id : UX_CORESTACK_Condition cause : null
2024-01-17 11:53:21,697 [INFO] LogOutputStream:77 - [STDOUT_REDIRECT] 1 : Invalid condition id : UX_CORESTACK_Condition cause : null
2024-01-17 11:53:21,698 [INFO] LogOutputStream:77 - [STDOUT_REDIRECT] 1 : Invalid condition id : UX_CORESTACK_Condition cause : null
2024-01-17 11:53:21,700 [WARN] PackLoader:240 - Cannot read IP mode file for STMicroelectronics.X-CUBE-AZRTOS-WL.2.0.0
2024-01-17 11:53:21,712 [WARN] PackLoader:240 - Cannot read IP mode file for WES.I-CUBE-Cesium.1.3.0
2024-01-17 11:53:21,721 [WARN] PackLoader:240 - Cannot read IP mode file for STMicroelectronics.X-CUBE-BLE2.3.3.0
2024-01-17 11:53:21,731 [WARN] PackLoader:240 - Cannot read IP mode file for STMicroelectronics.X-CUBE-ALGOBUILD.1.3.0
2024-01-17 11:53:21,751 [WARN] PackLoader:240 - Cannot read IP mode file for STMicroelectronics.X-CUBE-AZRTOS-G0.1.1.0
2024-01-17 11:53:21,763 [WARN] PackLoader:240 - Cannot read IP mode file for STMicroelectronics.X-CUBE-NFC4.3.0.0
2024-01-17 11:53:21,776 [WARN] PackLoader:240 - Cannot read IP mode file for STMicroelectronics.X-CUBE-BLEMGR.3.0.0
2024-01-17 11:53:21,787 [WARN] PackLoader:240 - Cannot read IP mode file for STMicroelectronics.FP-ATR-SIGFOX1.3.2.0
2024-01-17 11:53:21,798 [WARN] PackLoader:240 - Cannot read IP mode file for STMicroelectronics.X-CUBE-GNSS1.6.0.0
2024-01-17 11:53:21,825 [WARN] PackLoader:240 - Cannot read IP mode file for STMicroelectronics.X-CUBE-AZRTOS-F4.1.1.0
2024-01-17 11:53:21,837 [WARN] PackLoader:240 - Cannot read IP mode file for wolfSSL.I-CUBE-wolfSSL.5.6.4
2024-01-17 11:53:21,859 [WARN] PackLoader:240 - Cannot read IP mode file for STMicroelectronics.X-CUBE-AZRTOS-L5.2.0.0
2024-01-17 11:53:21,881 [WARN] PackLoader:240 - Cannot read IP mode file for STMicroelectronics.X-CUBE-EEPRMA1.4.2.0
2024-01-17 11:53:21,897 [WARN] PackLoader:240 - Cannot read IP mode file for ITTIA_DB.I-CUBE-ITTIADB.8.8.0
2024-01-17 11:53:21,930 [WARN] ConditionMgr:438 - getConditionDescription Invalid condition id : UX DEVICE CLASS RTOS Condition cause : null
2024-01-17 11:53:21,930 [WARN] ConditionMgr:438 - getConditionDescription Invalid condition id : UX DEVICE CLASS RTOS Condition cause : null
2024-01-17 11:53:21,932 [WARN] PackLoader:240 - Cannot read IP mode file for STMicroelectronics.X-CUBE-AZRTOS-H7.3.1.0
2024-01-17 11:53:21,932 [WARN] ConditionMgr:1039 - genDependencies : Invalid condition id : UX DEVICE CLASS RTOS Condition cause : null
2024-01-17 11:53:21,932 [WARN] ConditionMgr:1039 - genDependencies : Invalid condition id : UX DEVICE CLASS RTOS Condition cause : null
2024-01-17 11:53:21,933 [WARN] ConditionMgr:1039 - genDependencies : Invalid condition id : UX DEVICE CLASS RTOS Condition cause : null
2024-01-17 11:53:21,933 [WARN] ConditionMgr:1039 - genDependencies : Invalid condition id : UX DEVICE CLASS RTOS Condition cause : null
2024-01-17 11:53:21,933 [WARN] ConditionMgr:1039 - genDependencies : Invalid condition id : UX DEVICE CLASS RTOS Condition cause : null
2024-01-17 11:53:21,945 [WARN] PackLoader:240 - Cannot read IP mode file for STMicroelectronics.X-CUBE-NFC7.1.0.1
2024-01-17 11:53:21,956 [WARN] PackLoader:240 - Cannot read IP mode file for STMicroelectronics.X-CUBE-NFC6.3.0.0
2024-01-17 11:53:21,967 [WARN] PackLoader:240 - Cannot read IP mode file for STMicroelectronics.X-CUBE-AI.8.1.0
2024-01-17 11:53:21,990 [WARN] ConditionMgr:438 - getConditionDescription Invalid condition id : LAN8742 Phy interface Condition cause : null
2024-01-17 11:53:21,991 [WARN] PackLoader:240 - Cannot read IP mode file for STMicroelectronics.X-CUBE-AZRTOS-L4.2.0.0
2024-01-17 11:53:21,991 [WARN] ConditionMgr:1039 - genDependencies : Invalid condition id : LAN8742 Phy interface Condition cause : null
2024-01-17 11:53:21,992 [WARN] ConditionMgr:1039 - genDependencies : Invalid condition id : LAN8742 Phy interface Condition cause : null
2024-01-17 11:53:21,992 [WARN] ConditionMgr:1039 - genDependencies : Invalid condition id : LAN8742 Phy interface Condition cause : null
2024-01-17 11:53:22,005 [WARN] PackLoader:240 - Cannot read IP mode file for STMicroelectronics.X-CUBE-SFXS2LP1.4.0.0
2024-01-17 11:53:22,016 [WARN] PackLoader:240 - Cannot read IP mode file for STMicroelectronics.X-CUBE-ISPU.1.1.0
2024-01-17 11:53:22,034 [WARN] ConditionMgr:438 - getConditionDescription Invalid condition id : UX DEVICE CLASS RTOS Condition cause : null
2024-01-17 11:53:22,034 [WARN] ConditionMgr:438 - getConditionDescription Invalid condition id : UX DEVICE CLASS RTOS Condition cause : null
2024-01-17 11:53:22,035 [WARN] PackLoader:240 - Cannot read IP mode file for STMicroelectronics.X-CUBE-AZRTOS-WB.2.0.0
2024-01-17 11:53:22,035 [WARN] ConditionMgr:1039 - genDependencies : Invalid condition id : UX DEVICE CLASS RTOS Condition cause : null
2024-01-17 11:53:22,035 [WARN] ConditionMgr:1039 - genDependencies : Invalid condition id : UX DEVICE CLASS RTOS Condition cause : null
2024-01-17 11:53:22,036 [WARN] ConditionMgr:1039 - genDependencies : Invalid condition id : UX DEVICE CLASS RTOS Condition cause : null
2024-01-17 11:53:22,036 [WARN] ConditionMgr:1039 - genDependencies : Invalid condition id : UX DEVICE CLASS RTOS Condition cause : null
2024-01-17 11:53:22,036 [WARN] ConditionMgr:1039 - genDependencies : Invalid condition id : UX DEVICE CLASS RTOS Condition cause : null
2024-01-17 11:53:22,050 [WARN] PackLoader:240 - Cannot read IP mode file for STMicroelectronics.X-CUBE-SUBG2.5.0.0
2024-01-17 11:53:22,072 [WARN] PackLoader:240 - Cannot read IP mode file for STMicroelectronics.X-CUBE-AZRTOS-G4.2.0.0
2024-01-17 11:53:22,091 [WARN] PackLoader:240 - Cannot read IP mode file for Infineon.AIROC-Wi-Fi-Bluetooth-STM32.1.5.1
2024-01-17 11:53:22,104 [WARN] PackLoader:240 - Cannot read IP mode file for STMicroelectronics.FP-SNS-MOTENVWB1.1.3.0
2024-01-17 11:53:22,113 [WARN] PackLoader:240 - Cannot read IP mode file for STMicroelectronics.FP-SNS-MOTENVWB1.1.3.1
2024-01-17 11:53:22,123 [WARN] PackLoader:240 - Cannot read IP mode file for STMicroelectronics.X-CUBE-ISPU.2.0.0
2024-01-17 11:53:22,165 [WARN] PackLoader:240 - Cannot read IP mode file for STMicroelectronics.X-CUBE-MEMS1.10.0.0
2024-01-17 11:53:22,254 [WARN] PackLoader:240 - Cannot read IP mode file for STMicroelectronics.X-CUBE-FREERTOS.1.1.0
2024-01-17 11:53:22,265 [WARN] PackLoader:240 - Cannot read IP mode file for portGmbH.I-Cube-SoM-uGOAL.1.1.0
2024-01-17 11:53:22,276 [WARN] PackLoader:240 - Cannot read IP mode file for STMicroelectronics.X-CUBE-ALS.1.0.1
2024-01-17 11:53:22,287 [WARN] PackLoader:240 - Cannot read IP mode file for STMicroelectronics.FP-ATR-ASTRA1.2.0.0
2024-01-17 11:53:22,303 [WARN] PackLoader:240 - Cannot read IP mode file for STMicroelectronics.X-CUBE-TOF1.3.4.0
2024-01-17 11:53:22,338 [WARN] PackLoader:240 - Cannot read IP mode file for STMicroelectronics.X-CUBE-AZRTOS-H7.3.2.0
2024-01-17 11:53:22,342 [INFO] ThirdParty:978 - Integrity check success = true
2024-01-17 11:53:22,342 [INFO] IntegrityCheckThread:100 - exiting critical section [integrity check]
2024-01-17 11:53:22,342 [INFO] IntegrityCheckThread:103 - End integrity checks thread
2024-01-17 11:53:41,389 [ERROR] LogOutputStream:75 - [STDERR_REDIRECT] SLF4J: Failed to load class "org.slf4j.impl.StaticLoggerBinder".
2024-01-17 11:53:41,390 [ERROR] LogOutputStream:75 - [STDERR_REDIRECT] SLF4J: Defaulting to no-operation (NOP) logger implementation
2024-01-17 11:53:41,391 [ERROR] LogOutputStream:75 - [STDERR_REDIRECT] SLF4J: See http://www.slf4j.org/codes.html#StaticLoggerBinder for further details.
2024-01-17 12:16:49,906 [ERROR] LogOutputStream:75 - [STDERR_REDIRECT] 
2024-01-17 12:17:33,968 [INFO] Activator:176 - 


2024-01-17 12:17:33,969 [INFO] Activator:177 - !SESSION log4j initialized
2024-01-17 12:17:37,885 [INFO] LogOutputStream:77 - [STDOUT_REDIRECT] 
2024-01-17 12:17:38,627 [INFO] ApplicationProperties:184 - Using Application install path: C:\ST\STM32CubeIDE_1.13.2\STM32CubeIDE\plugins\com.st.stm32cube.common.mx_6.9.2.202309101412
2024-01-17 12:17:38,640 [INFO] DbMcusXml:78 - Set database path to: C:\ST\STM32CubeIDE_1.13.2\STM32CubeIDE\plugins\com.st.stm32cube.common.mx_6.9.2.202309101412\\db\/mcu/
2024-01-17 12:17:38,640 [INFO] ApiDb:274 - Set plugin database path to: C:\ST\STM32CubeIDE_1.13.2\STM32CubeIDE\plugins\com.st.stm32cube.common.mx_6.9.2.202309101412\\db\/plugins/boardmanager/
2024-01-17 12:17:38,641 [WARN] ApiDb:259 - Overriding images path with different value:  => C:\ST\STM32CubeIDE_1.13.2\STM32CubeIDE\plugins\com.st.stm32cube.common.mx_6.9.2.202309101412\\db\/plugins/mcufinder/images/
2024-01-17 12:17:38,647 [INFO] ApiDb:250 - Set database path to: C:\Users\tatek\.stmcufinder\plugins\mcufinder//mcu/
2024-01-17 12:17:38,647 [INFO] DbMcusAds:125 - Set database path to: C:\Users\tatek\.stmcufinder\plugins\mcufinder//mcu/
2024-01-17 12:17:38,649 [INFO] CrossReferenceDbSqlite:203 - Set database path to: C:\Users\tatek\.stmcufinder\plugins\mcufinder//mcu/cs/
2024-01-17 12:17:38,721 [INFO] RulesReader:64 - Compatibility file has been processed (293 Rules)
2024-01-17 12:17:38,808 [INFO] DbMcusXml:78 - Set database path to: C:\ST\STM32CubeIDE_1.13.2\STM32CubeIDE\plugins\com.st.stm32cube.common.mx_6.9.2.202309101412\\db\/mcu/
2024-01-17 12:17:38,808 [INFO] ApiDb:274 - Set plugin database path to: C:\ST\STM32CubeIDE_1.13.2\STM32CubeIDE\plugins\com.st.stm32cube.common.mx_6.9.2.202309101412\\db\/plugins/boardmanager/
2024-01-17 12:17:38,808 [INFO] ApiDb:261 - Set plugin images path to: C:\ST\STM32CubeIDE_1.13.2\STM32CubeIDE\plugins\com.st.stm32cube.common.mx_6.9.2.202309101412\\db\/plugins/mcufinder/images/
2024-01-17 12:17:38,809 [WARN] DbFile:41 - Overriding database path with different value: C:\Users\tatek\.stmcufinder\plugins\mcufinder/ => C:\Users\tatek\.stmcufinder\plugins\mcufinder
2024-01-17 12:17:38,809 [INFO] ApiDb:250 - Set database path to: C:\Users\tatek\.stmcufinder\plugins\mcufinder//mcu/
2024-01-17 12:17:38,809 [WARN] DbFile:41 - Overriding database path with different value: C:\Users\tatek\.stmcufinder\plugins\mcufinder/ => C:\Users\tatek\.stmcufinder\plugins\mcufinder
2024-01-17 12:17:38,809 [INFO] DbMcusAds:125 - Set database path to: C:\Users\tatek\.stmcufinder\plugins\mcufinder//mcu/
2024-01-17 12:17:38,809 [WARN] DbFile:41 - Overriding database path with different value: C:\Users\tatek\.stmcufinder\plugins\mcufinder/ => C:\Users\tatek\.stmcufinder\plugins\mcufinder
2024-01-17 12:17:38,809 [WARN] DbFile:41 - Overriding database path with different value: C:\Users\tatek\.stmcufinder\plugins\mcufinder/ => C:\Users\tatek\.stmcufinder\plugins\mcufinder
2024-01-17 12:17:38,809 [INFO] CrossReferenceDbSqlite:203 - Set database path to: C:\Users\tatek\.stmcufinder\plugins\mcufinder//mcu/cs/
2024-01-17 12:17:38,894 [INFO] MainPanel:262 - HeapMemory: 268435456
2024-01-17 12:17:38,984 [INFO] DbMcusXml:78 - Set database path to: C:\ST\STM32CubeIDE_1.13.2\STM32CubeIDE\plugins\com.st.stm32cube.common.mx_6.9.2.202309101412\\db\/mcu/
2024-01-17 12:17:38,984 [INFO] ApiDb:274 - Set plugin database path to: C:\ST\STM32CubeIDE_1.13.2\STM32CubeIDE\plugins\com.st.stm32cube.common.mx_6.9.2.202309101412\\db\/plugins/boardmanager/
2024-01-17 12:17:38,984 [INFO] ApiDb:261 - Set plugin images path to: C:\ST\STM32CubeIDE_1.13.2\STM32CubeIDE\plugins\com.st.stm32cube.common.mx_6.9.2.202309101412\\db\/plugins/mcufinder/images/
2024-01-17 12:17:38,985 [WARN] DbFile:41 - Overriding database path with different value: C:\Users\tatek\.stmcufinder\plugins\mcufinder/ => C:\Users\tatek\.stmcufinder\plugins\mcufinder
2024-01-17 12:17:38,985 [INFO] ApiDb:250 - Set database path to: C:\Users\tatek\.stmcufinder\plugins\mcufinder//mcu/
2024-01-17 12:17:38,985 [WARN] DbFile:41 - Overriding database path with different value: C:\Users\tatek\.stmcufinder\plugins\mcufinder/ => C:\Users\tatek\.stmcufinder\plugins\mcufinder
2024-01-17 12:17:38,985 [INFO] DbMcusAds:125 - Set database path to: C:\Users\tatek\.stmcufinder\plugins\mcufinder//mcu/
2024-01-17 12:17:38,985 [WARN] DbFile:41 - Overriding database path with different value: C:\Users\tatek\.stmcufinder\plugins\mcufinder/ => C:\Users\tatek\.stmcufinder\plugins\mcufinder
2024-01-17 12:17:38,985 [WARN] DbFile:41 - Overriding database path with different value: C:\Users\tatek\.stmcufinder\plugins\mcufinder/ => C:\Users\tatek\.stmcufinder\plugins\mcufinder
2024-01-17 12:17:38,985 [INFO] CrossReferenceDbSqlite:203 - Set database path to: C:\Users\tatek\.stmcufinder\plugins\mcufinder//mcu/cs/
2024-01-17 12:17:39,009 [INFO] ApplicationProperties:184 - Using Application install path: C:\ST\STM32CubeIDE_1.13.2\STM32CubeIDE\plugins\com.st.stm32cube.common.mx_6.9.2.202309101412
2024-01-17 12:17:39,011 [INFO] PluginManage:196 - Search for loadable plugins [exclusion list=, ]
2024-01-17 12:17:39,013 [INFO] PluginManage:310 - Check plugin analytics
2024-01-17 12:17:39,240 [INFO] AnalyticsPlugin:253 - Accepted Software Licenses: 
2024-01-17 12:17:39,240 [INFO] AnalyticsPlugin:255 - Accepted CMSIS Pack Licenses: 
2024-01-17 12:17:39,241 [INFO] AnalyticsPlugin:257 - Accepted Firmware Licenses: 
2024-01-17 12:17:39,244 [INFO] PluginManage:359 - Loaded plugin analytics (category:tool,tabindex:-1)
2024-01-17 12:17:39,244 [INFO] PluginManage:310 - Check plugin cadmodel
2024-01-17 12:17:39,250 [INFO] CADModel:105 - Init CAD model plugin
2024-01-17 12:17:39,250 [INFO] PluginManage:359 - Loaded plugin cadmodel (category:power,tabindex:5)
2024-01-17 12:17:39,250 [INFO] PluginManage:310 - Check plugin clock
2024-01-17 12:17:39,264 [INFO] PluginManage:359 - Loaded plugin clock (category:base,tabindex:2)
2024-01-17 12:17:39,265 [INFO] PluginManage:310 - Check plugin ddr
2024-01-17 12:17:39,267 [INFO] PluginManage:359 - Loaded plugin ddr (category:tool,tabindex:6)
2024-01-17 12:17:39,267 [INFO] PluginManage:310 - Check plugin filemanager
2024-01-17 12:17:39,442 [INFO] PluginManage:359 - Loaded plugin filemanager (category:base,tabindex:10)
2024-01-17 12:17:39,442 [INFO] PluginManage:310 - Check plugin ipmanager
2024-01-17 12:17:39,448 [INFO] PluginManage:359 - Loaded plugin ipmanager (category:base,tabindex:5)
2024-01-17 12:17:39,448 [INFO] PluginManage:310 - Check plugin lpbam
2024-01-17 12:17:39,454 [INFO] PluginManage:359 - Loaded plugin lpbam (category:base,tabindex:0)
2024-01-17 12:17:39,454 [INFO] PluginManage:310 - Check plugin memorymap
2024-01-17 12:17:39,463 [INFO] PluginManage:359 - Loaded plugin memorymap (category:base,tabindex:4)
2024-01-17 12:17:39,463 [INFO] PluginManage:310 - Check plugin pinoutandconfiguration
2024-01-17 12:17:39,470 [INFO] PluginManage:359 - Loaded plugin pinoutandconfiguration (category:base,tabindex:1)
2024-01-17 12:17:39,470 [INFO] PluginManage:310 - Check plugin pinoutconfig
2024-01-17 12:17:39,532 [WARN] SupportedApi:132 - Cannot load RTOS API schema: s4s-elt-must-match.1: The content of 'definitions' must match (annotation?, (simpleType | complexType)?, (unique | key | keyref)*)). A problem was found starting at: attribute.
2024-01-17 12:17:39,618 [INFO] PluginManage:359 - Loaded plugin pinoutconfig (category:base,tabindex:0)
2024-01-17 12:17:39,619 [INFO] PluginManage:310 - Check plugin power
2024-01-17 12:17:39,624 [INFO] PluginManage:359 - Loaded plugin power (category:power,tabindex:4)
2024-01-17 12:17:39,624 [INFO] PluginManage:310 - Check plugin projectmanager
2024-01-17 12:17:39,635 [INFO] PluginManage:359 - Loaded plugin projectmanager (category:projectmanager,tabindex:3)
2024-01-17 12:17:39,635 [INFO] PluginManage:310 - Check plugin thirdparty
2024-01-17 12:17:39,722 [INFO] PluginManage:359 - Loaded plugin thirdparty (category:base,tabindex:-1)
2024-01-17 12:17:39,722 [INFO] PluginManage:310 - Check plugin tools
2024-01-17 12:17:39,722 [WARN] IntegrityCheckThread:84 - waiting for thirdparty lock release [integrity check]
2024-01-17 12:17:39,722 [INFO] IntegrityCheckThread:86 - entering critical section [integrity check]
2024-01-17 12:17:39,723 [INFO] ThirdPartyUpdaterWithRetryManager:70 - Updater plugin not ready yet. [1/15]
2024-01-17 12:17:39,724 [INFO] PluginManage:359 - Loaded plugin tools (category:base,tabindex:7)
2024-01-17 12:17:39,724 [INFO] PluginManage:310 - Check plugin tutovideos
2024-01-17 12:17:39,839 [INFO] PluginManage:359 - Loaded plugin tutovideos (category:base,tabindex:-1)
2024-01-17 12:17:39,839 [INFO] PluginManage:310 - Check plugin updater
2024-01-17 12:17:39,845 [INFO] PluginManage:359 - Loaded plugin updater (category:base,tabindex:12)
2024-01-17 12:17:39,845 [INFO] PluginManage:310 - Check plugin userauth
2024-01-17 12:17:39,849 [INFO] UserAuth:113 - Init User Auth plugin
2024-01-17 12:17:39,849 [INFO] PluginManage:359 - Loaded plugin userauth (category:base,tabindex:14)
2024-01-17 12:17:39,849 [INFO] PluginManage:283 - PluginManage : Loaded plugins [17]
2024-01-17 12:17:39,987 [INFO] PinOutPanel:1499 - setPackage(No Configuration,No Configuration)
2024-01-17 12:17:40,071 [INFO] CADModel:165 - CPN selected for project level
2024-01-17 12:17:40,071 [INFO] CADModel:114 - Register for checkConnection events
2024-01-17 12:17:40,084 [INFO] IPUIPlugin:80 - create IPUIPlugin
2024-01-17 12:17:40,084 [INFO] PluginManager:220 - loadIPPluginJar : add adc
2024-01-17 12:17:40,086 [INFO] IPUIPlugin:80 - create IPUIPlugin
2024-01-17 12:17:40,087 [INFO] PluginManager:220 - loadIPPluginJar : add aes
2024-01-17 12:17:40,089 [INFO] IPUIPlugin:80 - create IPUIPlugin
2024-01-17 12:17:40,089 [INFO] PluginManager:220 - loadIPPluginJar : add can
2024-01-17 12:17:40,090 [INFO] IPUIPlugin:80 - create IPUIPlugin
2024-01-17 12:17:40,090 [INFO] PluginManager:220 - loadIPPluginJar : add comp
2024-01-17 12:17:40,092 [INFO] IPUIPlugin:80 - create IPUIPlugin
2024-01-17 12:17:40,092 [INFO] PluginManager:220 - loadIPPluginJar : add cryp
2024-01-17 12:17:40,094 [INFO] IPUIPlugin:80 - create IPUIPlugin
2024-01-17 12:17:40,094 [INFO] PluginManager:220 - loadIPPluginJar : add dfsdm
2024-01-17 12:17:40,097 [INFO] IPUIPlugin:80 - create IPUIPlugin
2024-01-17 12:17:40,098 [INFO] PluginManager:220 - loadIPPluginJar : add dma
2024-01-17 12:17:40,099 [INFO] IPUIPlugin:80 - create IPUIPlugin
2024-01-17 12:17:40,100 [INFO] PluginManager:220 - loadIPPluginJar : add dma3
2024-01-17 12:17:40,100 [INFO] IPUIPlugin:80 - create IPUIPlugin
2024-01-17 12:17:40,100 [INFO] PluginManager:220 - loadIPPluginJar : add fatfs
2024-01-17 12:17:40,103 [INFO] IPUIPlugin:80 - create IPUIPlugin
2024-01-17 12:17:40,103 [INFO] PluginManager:220 - loadIPPluginJar : add fmc
2024-01-17 12:17:40,107 [INFO] IPUIPlugin:80 - create IPUIPlugin
2024-01-17 12:17:40,107 [INFO] PluginManager:220 - loadIPPluginJar : add freertos
2024-01-17 12:17:40,108 [INFO] IPUIPlugin:80 - create IPUIPlugin
2024-01-17 12:17:40,108 [INFO] PluginManager:220 - loadIPPluginJar : add genericplugin
2024-01-17 12:17:40,109 [INFO] IPUIPlugin:80 - create IPUIPlugin
2024-01-17 12:17:40,109 [INFO] PluginManager:220 - loadIPPluginJar : add gfxmmu
2024-01-17 12:17:40,112 [INFO] IPUIPlugin:80 - create IPUIPlugin
2024-01-17 12:17:40,112 [INFO] PluginManager:220 - loadIPPluginJar : add gic
2024-01-17 12:17:40,115 [INFO] IPUIPlugin:80 - create IPUIPlugin
2024-01-17 12:17:40,115 [INFO] PluginManager:220 - loadIPPluginJar : add gpio
2024-01-17 12:17:40,117 [INFO] IPUIPlugin:80 - create IPUIPlugin
2024-01-17 12:17:40,117 [INFO] PluginManager:220 - loadIPPluginJar : add gtzc
2024-01-17 12:17:40,118 [INFO] IPUIPlugin:80 - create IPUIPlugin
2024-01-17 12:17:40,118 [INFO] PluginManager:220 - loadIPPluginJar : add hash
2024-01-17 12:17:40,120 [INFO] IPUIPlugin:80 - create IPUIPlugin
2024-01-17 12:17:40,120 [INFO] PluginManager:220 - loadIPPluginJar : add i2c
2024-01-17 12:17:40,121 [INFO] IPUIPlugin:80 - create IPUIPlugin
2024-01-17 12:17:40,121 [INFO] PluginManager:220 - loadIPPluginJar : add i2s
2024-01-17 12:17:40,123 [INFO] IPUIPlugin:80 - create IPUIPlugin
2024-01-17 12:17:40,123 [INFO] PluginManager:220 - loadIPPluginJar : add i3c
2024-01-17 12:17:40,125 [INFO] IPUIPlugin:80 - create IPUIPlugin
2024-01-17 12:17:40,125 [INFO] PluginManager:220 - loadIPPluginJar : add ipddr
2024-01-17 12:17:40,129 [INFO] IPUIPlugin:80 - create IPUIPlugin
2024-01-17 12:17:40,129 [INFO] PluginManager:220 - loadIPPluginJar : add linkedlist
2024-01-17 12:17:40,130 [INFO] IPUIPlugin:80 - create IPUIPlugin
2024-01-17 12:17:40,131 [INFO] PluginManager:220 - loadIPPluginJar : add lorawan
2024-01-17 12:17:40,131 [INFO] IPUIPlugin:80 - create IPUIPlugin
2024-01-17 12:17:40,131 [INFO] PluginManager:220 - loadIPPluginJar : add ltdc
2024-01-17 12:17:40,135 [INFO] IPUIPlugin:80 - create IPUIPlugin
2024-01-17 12:17:40,135 [INFO] PluginManager:220 - loadIPPluginJar : add mdma
2024-01-17 12:17:40,137 [INFO] IPUIPlugin:80 - create IPUIPlugin
2024-01-17 12:17:40,137 [INFO] PluginManager:220 - loadIPPluginJar : add nvic
2024-01-17 12:17:40,139 [INFO] IPUIPlugin:80 - create IPUIPlugin
2024-01-17 12:17:40,139 [INFO] PluginManager:220 - loadIPPluginJar : add opamp
2024-01-17 12:17:40,140 [INFO] IPUIPlugin:80 - create IPUIPlugin
2024-01-17 12:17:40,141 [INFO] PluginManager:220 - loadIPPluginJar : add openamp
2024-01-17 12:17:40,142 [INFO] IPUIPlugin:80 - create IPUIPlugin
2024-01-17 12:17:40,142 [INFO] PluginManager:220 - loadIPPluginJar : add pdm2pcm
2024-01-17 12:17:40,146 [INFO] IPUIPlugin:80 - create IPUIPlugin
2024-01-17 12:17:40,148 [INFO] PluginManager:220 - loadIPPluginJar : add plateformsettings
2024-01-17 12:17:40,149 [INFO] IPUIPlugin:80 - create IPUIPlugin
2024-01-17 12:17:40,149 [INFO] PluginManager:220 - loadIPPluginJar : add quadspi
2024-01-17 12:17:40,151 [INFO] IPUIPlugin:80 - create IPUIPlugin
2024-01-17 12:17:40,151 [INFO] PluginManager:220 - loadIPPluginJar : add resmgrutility
2024-01-17 12:17:40,160 [INFO] IPUIPlugin:80 - create IPUIPlugin
2024-01-17 12:17:40,160 [INFO] PluginManager:220 - loadIPPluginJar : add sai
2024-01-17 12:17:40,162 [INFO] IPUIPlugin:80 - create IPUIPlugin
2024-01-17 12:17:40,162 [INFO] PluginManager:220 - loadIPPluginJar : add spi
2024-01-17 12:17:40,165 [INFO] IPUIPlugin:80 - create IPUIPlugin
2024-01-17 12:17:40,165 [INFO] PluginManager:220 - loadIPPluginJar : add stm32_wpan
2024-01-17 12:17:40,166 [INFO] IPUIPlugin:80 - create IPUIPlugin
2024-01-17 12:17:40,166 [INFO] PluginManager:220 - loadIPPluginJar : add tim
2024-01-17 12:17:40,168 [INFO] IPUIPlugin:80 - create IPUIPlugin
2024-01-17 12:17:40,168 [INFO] PluginManager:220 - loadIPPluginJar : add touchsensing
2024-01-17 12:17:40,169 [INFO] IPUIPlugin:80 - create IPUIPlugin
2024-01-17 12:17:40,169 [INFO] PluginManager:220 - loadIPPluginJar : add tracer_emb
2024-01-17 12:17:40,170 [INFO] IPUIPlugin:80 - create IPUIPlugin
2024-01-17 12:17:40,170 [INFO] PluginManager:220 - loadIPPluginJar : add ts
2024-01-17 12:17:40,171 [INFO] IPUIPlugin:80 - create IPUIPlugin
2024-01-17 12:17:40,171 [INFO] PluginManager:220 - loadIPPluginJar : add tsc
2024-01-17 12:17:40,172 [INFO] IPUIPlugin:80 - create IPUIPlugin
2024-01-17 12:17:40,172 [INFO] PluginManager:220 - loadIPPluginJar : add ucpd
2024-01-17 12:17:40,174 [INFO] IPUIPlugin:80 - create IPUIPlugin
2024-01-17 12:17:40,174 [INFO] PluginManager:220 - loadIPPluginJar : add usart
2024-01-17 12:17:40,176 [INFO] IPUIPlugin:80 - create IPUIPlugin
2024-01-17 12:17:40,176 [INFO] PluginManager:220 - loadIPPluginJar : add usbx
2024-01-17 12:17:40,288 [INFO] CADModel:165 - CPN selected for project level
2024-01-17 12:17:40,288 [INFO] CADModel:114 - Register for checkConnection events
2024-01-17 12:17:40,289 [FATAL] Updater:308 - Updater called before beeing initialized
2024-01-17 12:17:40,289 [ERROR] CADModel:125 - Updater not yet initialized, retry later 
2024-01-17 12:17:40,385 [INFO] CADModel:165 - CPN selected for project level
2024-01-17 12:17:40,385 [INFO] CADModel:114 - Register for checkConnection events
2024-01-17 12:17:40,385 [FATAL] Updater:308 - Updater called before beeing initialized
2024-01-17 12:17:40,385 [ERROR] CADModel:125 - Updater not yet initialized, retry later 
2024-01-17 12:17:40,387 [FATAL] Updater:308 - Updater called before beeing initialized
2024-01-17 12:17:40,462 [FATAL] Updater:308 - Updater called before beeing initialized
2024-01-17 12:17:40,466 [INFO] DbMcusAds:53 - JSON generation date=Wed Nov 29 02:52:27 PST 2023 (1701255147349)
2024-01-17 12:17:40,467 [FATAL] Updater:308 - Updater called before beeing initialized
2024-01-17 12:17:40,494 [WARN] DetailPanel:346 - Failed to get advertising image, set to default
2024-01-17 12:17:40,581 [FATAL] Updater:308 - Updater called before beeing initialized
2024-01-17 12:17:40,583 [FATAL] Updater:308 - Updater called before beeing initialized
2024-01-17 12:17:40,583 [FATAL] Updater:308 - Updater called before beeing initialized
2024-01-17 12:17:40,583 [WARN] DetailPanel:346 - Failed to get advertising image, set to default
2024-01-17 12:17:40,584 [FATAL] Updater:308 - Updater called before beeing initialized
2024-01-17 12:17:40,615 [ERROR] Updater:1120 - MainUpdater not yet initialized. External WinMGr cannot be set.
2024-01-17 12:17:40,616 [INFO] Updater:1056 - Updater Version found : 6.9.2
2024-01-17 12:17:40,629 [INFO] ApplicationProperties:184 - Using Application install path: C:\ST\STM32CubeIDE_1.13.2\STM32CubeIDE\plugins\com.st.stm32cube.common.mx_6.9.2.202309101412
2024-01-17 12:17:40,788 [INFO] MainUpdater:2868 - connection check result : 10
2024-01-17 12:17:40,789 [INFO] MainUpdater:285 - Updater Check For Update Now.
2024-01-17 12:17:40,789 [INFO] MicroXplorer:498 - Change Database Version : DB.6.0.92
2024-01-17 12:17:40,793 [INFO] McuFinderGlobals:63 - Set McuFinder mode to 2 (CubeIDE integrated)
2024-01-17 12:17:40,793 [INFO] UserAuth:179 - activating auth plugin
2024-01-17 12:17:40,795 [INFO] UserAuth:393 - Internet connection configuration mode: 1
2024-01-17 12:17:40,808 [INFO] JxBrowserEngine:151 - Initiate JxBrowser Engine with user profile folder
2024-01-17 12:17:40,943 [INFO] CheckServerUpdateThread:120 - End of CheckServer Thread
2024-01-17 12:17:41,182 [INFO] WebApp:157 - Instantiating new browser for Auth
2024-01-17 12:17:41,582 [INFO] WebApp:753 - Register for checkConnection events
2024-01-17 12:17:41,583 [INFO] WebApp:390 - Apply proxy settings
2024-01-17 12:17:41,583 [INFO] WebApp:475 - Chromium requires no authentication
2024-01-17 12:17:41,587 [INFO] WebApp:418 - Direct internet connection detected
2024-01-17 12:17:41,684 [INFO] WebApp:188 - Starting web application
2024-01-17 12:17:41,684 [INFO] WebApp:520 - Web application path used C:\ST\STM32CubeIDE_1.13.2\STM32CubeIDE\plugins\com.st.stm32cube.common.mx_6.9.2.202309101412\db\plugins\mcufinder\reactClient1\index.html
2024-01-17 12:17:42,833 [WARN] PackLoader:240 - Cannot read IP mode file for STMicroelectronics.X-CUBE-SMBUS.2.1.0
2024-01-17 12:17:42,838 [WARN] PackLoader:240 - Cannot read IP mode file for STMicroelectronics.X-CUBE-TOUCHGFX.4.23.0
2024-01-17 12:17:42,859 [WARN] PackLoader:240 - Cannot read IP mode file for STMicroelectronics.X-CUBE-AZRTOS-F7.1.1.0
2024-01-17 12:17:42,868 [WARN] PackLoader:240 - Cannot read IP mode file for STMicroelectronics.FP-SNS-MOTENV1.4.3.2
2024-01-17 12:17:42,873 [WARN] PackLoader:240 - Cannot read IP mode file for STMicroelectronics.FP-SNS-FLIGHT1.5.0.2
2024-01-17 12:17:42,881 [WARN] PackLoader:240 - Cannot read IP mode file for STMicroelectronics.X-CUBE-DISPLAY.3.0.0
2024-01-17 12:17:42,891 [WARN] PackLoader:240 - Cannot read IP mode file for STMicroelectronics.X-CUBE-BLE1.7.0.0
2024-01-17 12:17:42,896 [WARN] PackLoader:240 - Cannot read IP mode file for emotas.I-CUBE-CANOPEN.1.3.0
2024-01-17 12:17:42,899 [WARN] PackLoader:240 - Cannot read IP mode file for STMicroelectronics.X-CUBE-TOUCHGFX.4.22.1
2024-01-17 12:17:42,903 [WARN] PackLoader:240 - Cannot read IP mode file for STMicroelectronics.FP-SNS-SMARTAG2.1.2.0
2024-01-17 12:17:42,912 [INFO] LogOutputStream:77 - [STDOUT_REDIRECT] 1 : Invalid condition id : UX_CORESTACK_Condition cause : null
2024-01-17 12:17:42,913 [INFO] LogOutputStream:77 - [STDOUT_REDIRECT] 1 : Invalid condition id : UX_CORESTACK_Condition cause : null
2024-01-17 12:17:42,913 [INFO] LogOutputStream:77 - [STDOUT_REDIRECT] 1 : Invalid condition id : UX_CORESTACK_Condition cause : null
2024-01-17 12:17:42,914 [INFO] LogOutputStream:77 - [STDOUT_REDIRECT] 1 : Invalid condition id : UX_CORESTACK_Condition cause : null
2024-01-17 12:17:42,915 [INFO] LogOutputStream:77 - [STDOUT_REDIRECT] 1 : Invalid condition id : UX_CORESTACK_Condition cause : null
2024-01-17 12:17:42,919 [WARN] PackLoader:240 - Cannot read IP mode file for STMicroelectronics.X-CUBE-AZRTOS-WL.2.0.0
2024-01-17 12:17:42,927 [WARN] PackLoader:240 - Cannot read IP mode file for WES.I-CUBE-Cesium.1.3.0
2024-01-17 12:17:42,931 [WARN] PackLoader:240 - Cannot read IP mode file for STMicroelectronics.X-CUBE-BLE2.3.3.0
2024-01-17 12:17:42,936 [WARN] PackLoader:240 - Cannot read IP mode file for STMicroelectronics.X-CUBE-ALGOBUILD.1.3.0
2024-01-17 12:17:42,950 [WARN] PackLoader:240 - Cannot read IP mode file for STMicroelectronics.X-CUBE-AZRTOS-G0.1.1.0
2024-01-17 12:17:42,955 [WARN] PackLoader:240 - Cannot read IP mode file for STMicroelectronics.X-CUBE-NFC4.3.0.0
2024-01-17 12:17:42,963 [WARN] PackLoader:240 - Cannot read IP mode file for STMicroelectronics.X-CUBE-BLEMGR.3.0.0
2024-01-17 12:17:42,969 [WARN] PackLoader:240 - Cannot read IP mode file for STMicroelectronics.FP-ATR-SIGFOX1.3.2.0
2024-01-17 12:17:42,973 [WARN] PackLoader:240 - Cannot read IP mode file for STMicroelectronics.X-CUBE-GNSS1.6.0.0
2024-01-17 12:17:42,983 [WARN] PackLoader:240 - Cannot read IP mode file for STMicroelectronics.X-CUBE-AZRTOS-F4.1.1.0
2024-01-17 12:17:42,988 [WARN] PackLoader:240 - Cannot read IP mode file for wolfSSL.I-CUBE-wolfSSL.5.6.4
2024-01-17 12:17:42,998 [WARN] PackLoader:240 - Cannot read IP mode file for STMicroelectronics.X-CUBE-AZRTOS-L5.2.0.0
2024-01-17 12:17:43,005 [WARN] PackLoader:240 - Cannot read IP mode file for STMicroelectronics.X-CUBE-EEPRMA1.4.2.0
2024-01-17 12:17:43,011 [WARN] PackLoader:240 - Cannot read IP mode file for ITTIA_DB.I-CUBE-ITTIADB.8.8.0
2024-01-17 12:17:43,032 [WARN] ConditionMgr:438 - getConditionDescription Invalid condition id : UX DEVICE CLASS RTOS Condition cause : null
2024-01-17 12:17:43,032 [WARN] ConditionMgr:438 - getConditionDescription Invalid condition id : UX DEVICE CLASS RTOS Condition cause : null
2024-01-17 12:17:43,035 [WARN] PackLoader:240 - Cannot read IP mode file for STMicroelectronics.X-CUBE-AZRTOS-H7.3.1.0
2024-01-17 12:17:43,036 [WARN] ConditionMgr:1039 - genDependencies : Invalid condition id : UX DEVICE CLASS RTOS Condition cause : null
2024-01-17 12:17:43,036 [WARN] ConditionMgr:1039 - genDependencies : Invalid condition id : UX DEVICE CLASS RTOS Condition cause : null
2024-01-17 12:17:43,037 [WARN] ConditionMgr:1039 - genDependencies : Invalid condition id : UX DEVICE CLASS RTOS Condition cause : null
2024-01-17 12:17:43,037 [WARN] ConditionMgr:1039 - genDependencies : Invalid condition id : UX DEVICE CLASS RTOS Condition cause : null
2024-01-17 12:17:43,037 [WARN] ConditionMgr:1039 - genDependencies : Invalid condition id : UX DEVICE CLASS RTOS Condition cause : null
2024-01-17 12:17:43,043 [WARN] PackLoader:240 - Cannot read IP mode file for STMicroelectronics.X-CUBE-NFC7.1.0.1
2024-01-17 12:17:43,049 [WARN] PackLoader:240 - Cannot read IP mode file for STMicroelectronics.X-CUBE-NFC6.3.0.0
2024-01-17 12:17:43,054 [WARN] PackLoader:240 - Cannot read IP mode file for STMicroelectronics.X-CUBE-AI.8.1.0
2024-01-17 12:17:43,067 [WARN] ConditionMgr:438 - getConditionDescription Invalid condition id : LAN8742 Phy interface Condition cause : null
2024-01-17 12:17:43,067 [WARN] PackLoader:240 - Cannot read IP mode file for STMicroelectronics.X-CUBE-AZRTOS-L4.2.0.0
2024-01-17 12:17:43,068 [WARN] ConditionMgr:1039 - genDependencies : Invalid condition id : LAN8742 Phy interface Condition cause : null
2024-01-17 12:17:43,068 [WARN] ConditionMgr:1039 - genDependencies : Invalid condition id : LAN8742 Phy interface Condition cause : null
2024-01-17 12:17:43,069 [WARN] ConditionMgr:1039 - genDependencies : Invalid condition id : LAN8742 Phy interface Condition cause : null
2024-01-17 12:17:43,102 [WARN] PackLoader:240 - Cannot read IP mode file for STMicroelectronics.X-CUBE-SFXS2LP1.4.0.0
2024-01-17 12:17:43,107 [WARN] PackLoader:240 - Cannot read IP mode file for STMicroelectronics.X-CUBE-ISPU.1.1.0
2024-01-17 12:17:43,116 [WARN] ConditionMgr:438 - getConditionDescription Invalid condition id : UX DEVICE CLASS RTOS Condition cause : null
2024-01-17 12:17:43,116 [WARN] ConditionMgr:438 - getConditionDescription Invalid condition id : UX DEVICE CLASS RTOS Condition cause : null
2024-01-17 12:17:43,118 [WARN] PackLoader:240 - Cannot read IP mode file for STMicroelectronics.X-CUBE-AZRTOS-WB.2.0.0
2024-01-17 12:17:43,118 [WARN] ConditionMgr:1039 - genDependencies : Invalid condition id : UX DEVICE CLASS RTOS Condition cause : null
2024-01-17 12:17:43,118 [WARN] ConditionMgr:1039 - genDependencies : Invalid condition id : UX DEVICE CLASS RTOS Condition cause : null
2024-01-17 12:17:43,118 [WARN] ConditionMgr:1039 - genDependencies : Invalid condition id : UX DEVICE CLASS RTOS Condition cause : null
2024-01-17 12:17:43,119 [WARN] ConditionMgr:1039 - genDependencies : Invalid condition id : UX DEVICE CLASS RTOS Condition cause : null
2024-01-17 12:17:43,119 [WARN] ConditionMgr:1039 - genDependencies : Invalid condition id : UX DEVICE CLASS RTOS Condition cause : null
2024-01-17 12:17:43,135 [WARN] PackLoader:240 - Cannot read IP mode file for STMicroelectronics.X-CUBE-SUBG2.5.0.0
2024-01-17 12:17:43,151 [WARN] PackLoader:240 - Cannot read IP mode file for STMicroelectronics.X-CUBE-AZRTOS-G4.2.0.0
2024-01-17 12:17:43,163 [WARN] PackLoader:240 - Cannot read IP mode file for Infineon.AIROC-Wi-Fi-Bluetooth-STM32.1.5.1
2024-01-17 12:17:43,170 [WARN] PackLoader:240 - Cannot read IP mode file for STMicroelectronics.FP-SNS-MOTENVWB1.1.3.0
2024-01-17 12:17:43,173 [WARN] PackLoader:240 - Cannot read IP mode file for STMicroelectronics.FP-SNS-MOTENVWB1.1.3.1
2024-01-17 12:17:43,177 [WARN] PackLoader:240 - Cannot read IP mode file for STMicroelectronics.X-CUBE-ISPU.2.0.0
2024-01-17 12:17:43,203 [WARN] PackLoader:240 - Cannot read IP mode file for STMicroelectronics.X-CUBE-MEMS1.10.0.0
2024-01-17 12:17:43,321 [WARN] PackLoader:240 - Cannot read IP mode file for STMicroelectronics.X-CUBE-FREERTOS.1.1.0
2024-01-17 12:17:43,325 [WARN] PackLoader:240 - Cannot read IP mode file for portGmbH.I-Cube-SoM-uGOAL.1.1.0
2024-01-17 12:17:43,328 [WARN] PackLoader:240 - Cannot read IP mode file for STMicroelectronics.X-CUBE-ALS.1.0.1
2024-01-17 12:17:43,332 [WARN] PackLoader:240 - Cannot read IP mode file for STMicroelectronics.FP-ATR-ASTRA1.2.0.0
2024-01-17 12:17:43,338 [WARN] PackLoader:240 - Cannot read IP mode file for STMicroelectronics.X-CUBE-TOF1.3.4.0
2024-01-17 12:17:43,355 [WARN] PackLoader:240 - Cannot read IP mode file for STMicroelectronics.X-CUBE-AZRTOS-H7.3.2.0
2024-01-17 12:17:43,357 [INFO] ThirdParty:978 - Integrity check success = true
2024-01-17 12:17:43,357 [INFO] IntegrityCheckThread:100 - exiting critical section [integrity check]
2024-01-17 12:17:43,357 [INFO] IntegrityCheckThread:103 - End integrity checks thread
2024-01-17 12:18:02,135 [ERROR] LogOutputStream:75 - [STDERR_REDIRECT] SLF4J: Failed to load class "org.slf4j.impl.StaticLoggerBinder".
2024-01-17 12:18:02,135 [ERROR] LogOutputStream:75 - [STDERR_REDIRECT] SLF4J: Defaulting to no-operation (NOP) logger implementation
2024-01-17 12:18:02,136 [ERROR] LogOutputStream:75 - [STDERR_REDIRECT] SLF4J: See http://www.slf4j.org/codes.html#StaticLoggerBinder for further details.
2024-01-17 12:19:34,904 [ERROR] LogOutputStream:75 - [STDERR_REDIRECT] 
