2024-01-15 22:51:35,635 [INFO] Activator:176 - 


2024-01-15 22:51:35,637 [INFO] Activator:177 - !SESSION log4j initialized
2024-01-15 22:51:37,328 [INFO] LogOutputStream:77 - [STDOUT_REDIRECT] 
2024-01-15 22:51:38,906 [INFO] ApplicationProperties:184 - Using Application install path: C:\ST\STM32CubeIDE_1.13.2\STM32CubeIDE\plugins\com.st.stm32cube.common.mx_6.9.2.202309101412
2024-01-15 22:51:38,917 [INFO] DbMcusXml:78 - Set database path to: C:\ST\STM32CubeIDE_1.13.2\STM32CubeIDE\plugins\com.st.stm32cube.common.mx_6.9.2.202309101412\\db\/mcu/
2024-01-15 22:51:38,917 [INFO] ApiDb:274 - Set plugin database path to: C:\ST\STM32CubeIDE_1.13.2\STM32CubeIDE\plugins\com.st.stm32cube.common.mx_6.9.2.202309101412\\db\/plugins/boardmanager/
2024-01-15 22:51:38,918 [WARN] ApiDb:259 - Overriding images path with different value:  => C:\ST\STM32CubeIDE_1.13.2\STM32CubeIDE\plugins\com.st.stm32cube.common.mx_6.9.2.202309101412\\db\/plugins/mcufinder/images/
2024-01-15 22:51:38,924 [INFO] ApiDb:250 - Set database path to: C:\Users\tatek\.stmcufinder\plugins\mcufinder//mcu/
2024-01-15 22:51:38,925 [INFO] DbMcusAds:125 - Set database path to: C:\Users\tatek\.stmcufinder\plugins\mcufinder//mcu/
2024-01-15 22:51:38,926 [INFO] CrossReferenceDbSqlite:203 - Set database path to: C:\Users\tatek\.stmcufinder\plugins\mcufinder//mcu/cs/
2024-01-15 22:51:38,992 [INFO] RulesReader:64 - Compatibility file has been processed (293 Rules)
2024-01-15 22:51:39,058 [INFO] DbMcusXml:78 - Set database path to: C:\ST\STM32CubeIDE_1.13.2\STM32CubeIDE\plugins\com.st.stm32cube.common.mx_6.9.2.202309101412\\db\/mcu/
2024-01-15 22:51:39,058 [INFO] ApiDb:274 - Set plugin database path to: C:\ST\STM32CubeIDE_1.13.2\STM32CubeIDE\plugins\com.st.stm32cube.common.mx_6.9.2.202309101412\\db\/plugins/boardmanager/
2024-01-15 22:51:39,058 [INFO] ApiDb:261 - Set plugin images path to: C:\ST\STM32CubeIDE_1.13.2\STM32CubeIDE\plugins\com.st.stm32cube.common.mx_6.9.2.202309101412\\db\/plugins/mcufinder/images/
2024-01-15 22:51:39,058 [WARN] DbFile:41 - Overriding database path with different value: C:\Users\tatek\.stmcufinder\plugins\mcufinder/ => C:\Users\tatek\.stmcufinder\plugins\mcufinder
2024-01-15 22:51:39,058 [INFO] ApiDb:250 - Set database path to: C:\Users\tatek\.stmcufinder\plugins\mcufinder//mcu/
2024-01-15 22:51:39,058 [WARN] DbFile:41 - Overriding database path with different value: C:\Users\tatek\.stmcufinder\plugins\mcufinder/ => C:\Users\tatek\.stmcufinder\plugins\mcufinder
2024-01-15 22:51:39,058 [INFO] DbMcusAds:125 - Set database path to: C:\Users\tatek\.stmcufinder\plugins\mcufinder//mcu/
2024-01-15 22:51:39,059 [WARN] DbFile:41 - Overriding database path with different value: C:\Users\tatek\.stmcufinder\plugins\mcufinder/ => C:\Users\tatek\.stmcufinder\plugins\mcufinder
2024-01-15 22:51:39,059 [WARN] DbFile:41 - Overriding database path with different value: C:\Users\tatek\.stmcufinder\plugins\mcufinder/ => C:\Users\tatek\.stmcufinder\plugins\mcufinder
2024-01-15 22:51:39,059 [INFO] CrossReferenceDbSqlite:203 - Set database path to: C:\Users\tatek\.stmcufinder\plugins\mcufinder//mcu/cs/
2024-01-15 22:51:39,107 [INFO] MainPanel:262 - HeapMemory: 268435456
2024-01-15 22:51:39,151 [INFO] DbMcusXml:78 - Set database path to: C:\ST\STM32CubeIDE_1.13.2\STM32CubeIDE\plugins\com.st.stm32cube.common.mx_6.9.2.202309101412\\db\/mcu/
2024-01-15 22:51:39,151 [INFO] ApiDb:274 - Set plugin database path to: C:\ST\STM32CubeIDE_1.13.2\STM32CubeIDE\plugins\com.st.stm32cube.common.mx_6.9.2.202309101412\\db\/plugins/boardmanager/
2024-01-15 22:51:39,151 [INFO] ApiDb:261 - Set plugin images path to: C:\ST\STM32CubeIDE_1.13.2\STM32CubeIDE\plugins\com.st.stm32cube.common.mx_6.9.2.202309101412\\db\/plugins/mcufinder/images/
2024-01-15 22:51:39,151 [WARN] DbFile:41 - Overriding database path with different value: C:\Users\tatek\.stmcufinder\plugins\mcufinder/ => C:\Users\tatek\.stmcufinder\plugins\mcufinder
2024-01-15 22:51:39,151 [INFO] ApiDb:250 - Set database path to: C:\Users\tatek\.stmcufinder\plugins\mcufinder//mcu/
2024-01-15 22:51:39,151 [WARN] DbFile:41 - Overriding database path with different value: C:\Users\tatek\.stmcufinder\plugins\mcufinder/ => C:\Users\tatek\.stmcufinder\plugins\mcufinder
2024-01-15 22:51:39,151 [INFO] DbMcusAds:125 - Set database path to: C:\Users\tatek\.stmcufinder\plugins\mcufinder//mcu/
2024-01-15 22:51:39,151 [WARN] DbFile:41 - Overriding database path with different value: C:\Users\tatek\.stmcufinder\plugins\mcufinder/ => C:\Users\tatek\.stmcufinder\plugins\mcufinder
2024-01-15 22:51:39,152 [WARN] DbFile:41 - Overriding database path with different value: C:\Users\tatek\.stmcufinder\plugins\mcufinder/ => C:\Users\tatek\.stmcufinder\plugins\mcufinder
2024-01-15 22:51:39,152 [INFO] CrossReferenceDbSqlite:203 - Set database path to: C:\Users\tatek\.stmcufinder\plugins\mcufinder//mcu/cs/
2024-01-15 22:51:39,163 [INFO] ApplicationProperties:184 - Using Application install path: C:\ST\STM32CubeIDE_1.13.2\STM32CubeIDE\plugins\com.st.stm32cube.common.mx_6.9.2.202309101412
2024-01-15 22:51:39,164 [INFO] PluginManage:196 - Search for loadable plugins [exclusion list=, ]
2024-01-15 22:51:39,164 [INFO] PluginManage:310 - Check plugin analytics
2024-01-15 22:51:39,271 [INFO] AnalyticsPlugin:253 - Accepted Software Licenses: 
2024-01-15 22:51:39,272 [INFO] AnalyticsPlugin:255 - Accepted CMSIS Pack Licenses: 
2024-01-15 22:51:39,272 [INFO] AnalyticsPlugin:257 - Accepted Firmware Licenses: 
2024-01-15 22:51:39,274 [INFO] PluginManage:359 - Loaded plugin analytics (category:tool,tabindex:-1)
2024-01-15 22:51:39,274 [INFO] PluginManage:310 - Check plugin cadmodel
2024-01-15 22:51:39,278 [INFO] CADModel:105 - Init CAD model plugin
2024-01-15 22:51:39,278 [INFO] PluginManage:359 - Loaded plugin cadmodel (category:power,tabindex:5)
2024-01-15 22:51:39,278 [INFO] PluginManage:310 - Check plugin clock
2024-01-15 22:51:39,284 [INFO] PluginManage:359 - Loaded plugin clock (category:base,tabindex:2)
2024-01-15 22:51:39,284 [INFO] PluginManage:310 - Check plugin ddr
2024-01-15 22:51:39,285 [INFO] PluginManage:359 - Loaded plugin ddr (category:tool,tabindex:6)
2024-01-15 22:51:39,286 [INFO] PluginManage:310 - Check plugin filemanager
2024-01-15 22:51:39,387 [INFO] PluginManage:359 - Loaded plugin filemanager (category:base,tabindex:10)
2024-01-15 22:51:39,387 [INFO] PluginManage:310 - Check plugin ipmanager
2024-01-15 22:51:39,392 [INFO] PluginManage:359 - Loaded plugin ipmanager (category:base,tabindex:5)
2024-01-15 22:51:39,392 [INFO] PluginManage:310 - Check plugin lpbam
2024-01-15 22:51:39,398 [INFO] PluginManage:359 - Loaded plugin lpbam (category:base,tabindex:0)
2024-01-15 22:51:39,398 [INFO] PluginManage:310 - Check plugin memorymap
2024-01-15 22:51:39,405 [INFO] PluginManage:359 - Loaded plugin memorymap (category:base,tabindex:4)
2024-01-15 22:51:39,405 [INFO] PluginManage:310 - Check plugin pinoutandconfiguration
2024-01-15 22:51:39,410 [INFO] PluginManage:359 - Loaded plugin pinoutandconfiguration (category:base,tabindex:1)
2024-01-15 22:51:39,410 [INFO] PluginManage:310 - Check plugin pinoutconfig
2024-01-15 22:51:39,475 [WARN] SupportedApi:132 - Cannot load RTOS API schema: s4s-elt-must-match.1: The content of 'definitions' must match (annotation?, (simpleType | complexType)?, (unique | key | keyref)*)). A problem was found starting at: attribute.
2024-01-15 22:51:39,576 [INFO] PluginManage:359 - Loaded plugin pinoutconfig (category:base,tabindex:0)
2024-01-15 22:51:39,576 [INFO] PluginManage:310 - Check plugin power
2024-01-15 22:51:39,583 [INFO] PluginManage:359 - Loaded plugin power (category:power,tabindex:4)
2024-01-15 22:51:39,583 [INFO] PluginManage:310 - Check plugin projectmanager
2024-01-15 22:51:39,592 [INFO] PluginManage:359 - Loaded plugin projectmanager (category:projectmanager,tabindex:3)
2024-01-15 22:51:39,592 [INFO] PluginManage:310 - Check plugin thirdparty
2024-01-15 22:51:39,669 [INFO] PluginManage:359 - Loaded plugin thirdparty (category:base,tabindex:-1)
2024-01-15 22:51:39,669 [INFO] PluginManage:310 - Check plugin tools
2024-01-15 22:51:39,669 [WARN] IntegrityCheckThread:84 - waiting for thirdparty lock release [integrity check]
2024-01-15 22:51:39,669 [INFO] IntegrityCheckThread:86 - entering critical section [integrity check]
2024-01-15 22:51:39,670 [INFO] ThirdPartyUpdaterWithRetryManager:70 - Updater plugin not ready yet. [1/15]
2024-01-15 22:51:39,671 [INFO] PluginManage:359 - Loaded plugin tools (category:base,tabindex:7)
2024-01-15 22:51:39,671 [INFO] PluginManage:310 - Check plugin tutovideos
2024-01-15 22:51:39,774 [INFO] PluginManage:359 - Loaded plugin tutovideos (category:base,tabindex:-1)
2024-01-15 22:51:39,774 [INFO] PluginManage:310 - Check plugin updater
2024-01-15 22:51:39,780 [INFO] PluginManage:359 - Loaded plugin updater (category:base,tabindex:12)
2024-01-15 22:51:39,780 [INFO] PluginManage:310 - Check plugin userauth
2024-01-15 22:51:39,783 [INFO] UserAuth:113 - Init User Auth plugin
2024-01-15 22:51:39,783 [INFO] PluginManage:359 - Loaded plugin userauth (category:base,tabindex:14)
2024-01-15 22:51:39,784 [INFO] PluginManage:283 - PluginManage : Loaded plugins [17]
2024-01-15 22:51:39,920 [INFO] PinOutPanel:1499 - setPackage(No Configuration,No Configuration)
2024-01-15 22:51:39,993 [INFO] CADModel:165 - CPN selected for project level
2024-01-15 22:51:39,993 [INFO] CADModel:114 - Register for checkConnection events
2024-01-15 22:51:40,003 [INFO] IPUIPlugin:80 - create IPUIPlugin
2024-01-15 22:51:40,003 [INFO] PluginManager:220 - loadIPPluginJar : add adc
2024-01-15 22:51:40,004 [INFO] IPUIPlugin:80 - create IPUIPlugin
2024-01-15 22:51:40,004 [INFO] PluginManager:220 - loadIPPluginJar : add aes
2024-01-15 22:51:40,005 [INFO] IPUIPlugin:80 - create IPUIPlugin
2024-01-15 22:51:40,006 [INFO] PluginManager:220 - loadIPPluginJar : add can
2024-01-15 22:51:40,006 [INFO] IPUIPlugin:80 - create IPUIPlugin
2024-01-15 22:51:40,006 [INFO] PluginManager:220 - loadIPPluginJar : add comp
2024-01-15 22:51:40,008 [INFO] IPUIPlugin:80 - create IPUIPlugin
2024-01-15 22:51:40,008 [INFO] PluginManager:220 - loadIPPluginJar : add cryp
2024-01-15 22:51:40,009 [INFO] IPUIPlugin:80 - create IPUIPlugin
2024-01-15 22:51:40,009 [INFO] PluginManager:220 - loadIPPluginJar : add dfsdm
2024-01-15 22:51:40,012 [INFO] IPUIPlugin:80 - create IPUIPlugin
2024-01-15 22:51:40,013 [INFO] PluginManager:220 - loadIPPluginJar : add dma
2024-01-15 22:51:40,014 [INFO] IPUIPlugin:80 - create IPUIPlugin
2024-01-15 22:51:40,014 [INFO] PluginManager:220 - loadIPPluginJar : add dma3
2024-01-15 22:51:40,015 [INFO] IPUIPlugin:80 - create IPUIPlugin
2024-01-15 22:51:40,015 [INFO] PluginManager:220 - loadIPPluginJar : add fatfs
2024-01-15 22:51:40,017 [INFO] IPUIPlugin:80 - create IPUIPlugin
2024-01-15 22:51:40,018 [INFO] PluginManager:220 - loadIPPluginJar : add fmc
2024-01-15 22:51:40,021 [INFO] IPUIPlugin:80 - create IPUIPlugin
2024-01-15 22:51:40,021 [INFO] PluginManager:220 - loadIPPluginJar : add freertos
2024-01-15 22:51:40,022 [INFO] IPUIPlugin:80 - create IPUIPlugin
2024-01-15 22:51:40,022 [INFO] PluginManager:220 - loadIPPluginJar : add genericplugin
2024-01-15 22:51:40,023 [INFO] IPUIPlugin:80 - create IPUIPlugin
2024-01-15 22:51:40,023 [INFO] PluginManager:220 - loadIPPluginJar : add gfxmmu
2024-01-15 22:51:40,026 [INFO] IPUIPlugin:80 - create IPUIPlugin
2024-01-15 22:51:40,026 [INFO] PluginManager:220 - loadIPPluginJar : add gic
2024-01-15 22:51:40,029 [INFO] IPUIPlugin:80 - create IPUIPlugin
2024-01-15 22:51:40,030 [INFO] PluginManager:220 - loadIPPluginJar : add gpio
2024-01-15 22:51:40,031 [INFO] IPUIPlugin:80 - create IPUIPlugin
2024-01-15 22:51:40,031 [INFO] PluginManager:220 - loadIPPluginJar : add gtzc
2024-01-15 22:51:40,033 [INFO] IPUIPlugin:80 - create IPUIPlugin
2024-01-15 22:51:40,033 [INFO] PluginManager:220 - loadIPPluginJar : add hash
2024-01-15 22:51:40,034 [INFO] IPUIPlugin:80 - create IPUIPlugin
2024-01-15 22:51:40,034 [INFO] PluginManager:220 - loadIPPluginJar : add i2c
2024-01-15 22:51:40,035 [INFO] IPUIPlugin:80 - create IPUIPlugin
2024-01-15 22:51:40,036 [INFO] PluginManager:220 - loadIPPluginJar : add i2s
2024-01-15 22:51:40,037 [INFO] IPUIPlugin:80 - create IPUIPlugin
2024-01-15 22:51:40,037 [INFO] PluginManager:220 - loadIPPluginJar : add i3c
2024-01-15 22:51:40,039 [INFO] IPUIPlugin:80 - create IPUIPlugin
2024-01-15 22:51:40,039 [INFO] PluginManager:220 - loadIPPluginJar : add ipddr
2024-01-15 22:51:40,044 [INFO] IPUIPlugin:80 - create IPUIPlugin
2024-01-15 22:51:40,044 [INFO] PluginManager:220 - loadIPPluginJar : add linkedlist
2024-01-15 22:51:40,046 [INFO] IPUIPlugin:80 - create IPUIPlugin
2024-01-15 22:51:40,046 [INFO] PluginManager:220 - loadIPPluginJar : add lorawan
2024-01-15 22:51:40,047 [INFO] IPUIPlugin:80 - create IPUIPlugin
2024-01-15 22:51:40,047 [INFO] PluginManager:220 - loadIPPluginJar : add ltdc
2024-01-15 22:51:40,051 [INFO] IPUIPlugin:80 - create IPUIPlugin
2024-01-15 22:51:40,051 [INFO] PluginManager:220 - loadIPPluginJar : add mdma
2024-01-15 22:51:40,053 [INFO] IPUIPlugin:80 - create IPUIPlugin
2024-01-15 22:51:40,053 [INFO] PluginManager:220 - loadIPPluginJar : add nvic
2024-01-15 22:51:40,055 [INFO] IPUIPlugin:80 - create IPUIPlugin
2024-01-15 22:51:40,055 [INFO] PluginManager:220 - loadIPPluginJar : add opamp
2024-01-15 22:51:40,057 [INFO] IPUIPlugin:80 - create IPUIPlugin
2024-01-15 22:51:40,057 [INFO] PluginManager:220 - loadIPPluginJar : add openamp
2024-01-15 22:51:40,059 [INFO] IPUIPlugin:80 - create IPUIPlugin
2024-01-15 22:51:40,059 [INFO] PluginManager:220 - loadIPPluginJar : add pdm2pcm
2024-01-15 22:51:40,063 [INFO] IPUIPlugin:80 - create IPUIPlugin
2024-01-15 22:51:40,065 [INFO] PluginManager:220 - loadIPPluginJar : add plateformsettings
2024-01-15 22:51:40,067 [INFO] IPUIPlugin:80 - create IPUIPlugin
2024-01-15 22:51:40,067 [INFO] PluginManager:220 - loadIPPluginJar : add quadspi
2024-01-15 22:51:40,069 [INFO] IPUIPlugin:80 - create IPUIPlugin
2024-01-15 22:51:40,069 [INFO] PluginManager:220 - loadIPPluginJar : add resmgrutility
2024-01-15 22:51:40,071 [INFO] IPUIPlugin:80 - create IPUIPlugin
2024-01-15 22:51:40,072 [INFO] PluginManager:220 - loadIPPluginJar : add sai
2024-01-15 22:51:40,073 [INFO] IPUIPlugin:80 - create IPUIPlugin
2024-01-15 22:51:40,073 [INFO] PluginManager:220 - loadIPPluginJar : add spi
2024-01-15 22:51:40,076 [INFO] IPUIPlugin:80 - create IPUIPlugin
2024-01-15 22:51:40,076 [INFO] PluginManager:220 - loadIPPluginJar : add stm32_wpan
2024-01-15 22:51:40,078 [INFO] IPUIPlugin:80 - create IPUIPlugin
2024-01-15 22:51:40,078 [INFO] PluginManager:220 - loadIPPluginJar : add tim
2024-01-15 22:51:40,080 [INFO] IPUIPlugin:80 - create IPUIPlugin
2024-01-15 22:51:40,080 [INFO] PluginManager:220 - loadIPPluginJar : add touchsensing
2024-01-15 22:51:40,081 [INFO] IPUIPlugin:80 - create IPUIPlugin
2024-01-15 22:51:40,082 [INFO] PluginManager:220 - loadIPPluginJar : add tracer_emb
2024-01-15 22:51:40,083 [INFO] IPUIPlugin:80 - create IPUIPlugin
2024-01-15 22:51:40,083 [INFO] PluginManager:220 - loadIPPluginJar : add ts
2024-01-15 22:51:40,085 [INFO] IPUIPlugin:80 - create IPUIPlugin
2024-01-15 22:51:40,085 [INFO] PluginManager:220 - loadIPPluginJar : add tsc
2024-01-15 22:51:40,086 [INFO] IPUIPlugin:80 - create IPUIPlugin
2024-01-15 22:51:40,086 [INFO] PluginManager:220 - loadIPPluginJar : add ucpd
2024-01-15 22:51:40,088 [INFO] IPUIPlugin:80 - create IPUIPlugin
2024-01-15 22:51:40,088 [INFO] PluginManager:220 - loadIPPluginJar : add usart
2024-01-15 22:51:40,090 [INFO] IPUIPlugin:80 - create IPUIPlugin
2024-01-15 22:51:40,091 [INFO] PluginManager:220 - loadIPPluginJar : add usbx
2024-01-15 22:51:40,202 [INFO] CADModel:165 - CPN selected for project level
2024-01-15 22:51:40,202 [INFO] CADModel:114 - Register for checkConnection events
2024-01-15 22:51:40,203 [FATAL] Updater:308 - Updater called before beeing initialized
2024-01-15 22:51:40,203 [ERROR] CADModel:125 - Updater not yet initialized, retry later 
2024-01-15 22:51:40,304 [INFO] CADModel:165 - CPN selected for project level
2024-01-15 22:51:40,304 [INFO] CADModel:114 - Register for checkConnection events
2024-01-15 22:51:40,304 [FATAL] Updater:308 - Updater called before beeing initialized
2024-01-15 22:51:40,304 [ERROR] CADModel:125 - Updater not yet initialized, retry later 
2024-01-15 22:51:40,307 [FATAL] Updater:308 - Updater called before beeing initialized
2024-01-15 22:51:40,409 [FATAL] Updater:308 - Updater called before beeing initialized
2024-01-15 22:51:40,417 [INFO] DbMcusAds:53 - JSON generation date=Wed Nov 29 02:52:27 PST 2023 (1701255147349)
2024-01-15 22:51:40,417 [FATAL] Updater:308 - Updater called before beeing initialized
2024-01-15 22:51:40,448 [WARN] DetailPanel:346 - Failed to get advertising image, set to default
2024-01-15 22:51:40,533 [FATAL] Updater:308 - Updater called before beeing initialized
2024-01-15 22:51:40,534 [FATAL] Updater:308 - Updater called before beeing initialized
2024-01-15 22:51:40,534 [FATAL] Updater:308 - Updater called before beeing initialized
2024-01-15 22:51:40,534 [WARN] DetailPanel:346 - Failed to get advertising image, set to default
2024-01-15 22:51:40,535 [FATAL] Updater:308 - Updater called before beeing initialized
2024-01-15 22:51:40,577 [ERROR] Updater:1120 - MainUpdater not yet initialized. External WinMGr cannot be set.
2024-01-15 22:51:40,579 [INFO] Updater:1056 - Updater Version found : 6.9.2
2024-01-15 22:51:40,594 [INFO] ApplicationProperties:184 - Using Application install path: C:\ST\STM32CubeIDE_1.13.2\STM32CubeIDE\plugins\com.st.stm32cube.common.mx_6.9.2.202309101412
2024-01-15 22:51:40,789 [INFO] MainUpdater:2868 - connection check result : 10
2024-01-15 22:51:40,790 [INFO] MainUpdater:285 - Updater Check For Update Now.
2024-01-15 22:51:40,790 [INFO] MicroXplorer:498 - Change Database Version : DB.6.0.92
2024-01-15 22:51:40,794 [INFO] McuFinderGlobals:63 - Set McuFinder mode to 2 (CubeIDE integrated)
2024-01-15 22:51:40,794 [INFO] UserAuth:179 - activating auth plugin
2024-01-15 22:51:40,796 [INFO] UserAuth:393 - Internet connection configuration mode: 1
2024-01-15 22:51:40,814 [INFO] JxBrowserEngine:151 - Initiate JxBrowser Engine with user profile folder
2024-01-15 22:51:40,951 [INFO] CheckServerUpdateThread:120 - End of CheckServer Thread
2024-01-15 22:51:41,202 [INFO] WebApp:157 - Instantiating new browser for Auth
2024-01-15 22:51:41,570 [INFO] WebApp:753 - Register for checkConnection events
2024-01-15 22:51:41,570 [INFO] WebApp:390 - Apply proxy settings
2024-01-15 22:51:41,570 [INFO] WebApp:475 - Chromium requires no authentication
2024-01-15 22:51:41,575 [INFO] WebApp:418 - Direct internet connection detected
2024-01-15 22:51:41,680 [INFO] WebApp:188 - Starting web application
2024-01-15 22:51:41,680 [INFO] WebApp:520 - Web application path used C:\ST\STM32CubeIDE_1.13.2\STM32CubeIDE\plugins\com.st.stm32cube.common.mx_6.9.2.202309101412\db\plugins\mcufinder\reactClient1\index.html
2024-01-15 22:51:42,787 [WARN] PackLoader:240 - Cannot read IP mode file for STMicroelectronics.X-CUBE-SMBUS.2.1.0
2024-01-15 22:51:42,792 [WARN] PackLoader:240 - Cannot read IP mode file for STMicroelectronics.X-CUBE-TOUCHGFX.4.23.0
2024-01-15 22:51:42,813 [WARN] PackLoader:240 - Cannot read IP mode file for STMicroelectronics.X-CUBE-AZRTOS-F7.1.1.0
2024-01-15 22:51:42,825 [WARN] PackLoader:240 - Cannot read IP mode file for STMicroelectronics.FP-SNS-MOTENV1.4.3.2
2024-01-15 22:51:42,831 [WARN] PackLoader:240 - Cannot read IP mode file for STMicroelectronics.FP-SNS-FLIGHT1.5.0.2
2024-01-15 22:51:42,841 [WARN] PackLoader:240 - Cannot read IP mode file for STMicroelectronics.X-CUBE-DISPLAY.3.0.0
2024-01-15 22:51:42,855 [WARN] PackLoader:240 - Cannot read IP mode file for STMicroelectronics.X-CUBE-BLE1.7.0.0
2024-01-15 22:51:42,860 [WARN] PackLoader:240 - Cannot read IP mode file for emotas.I-CUBE-CANOPEN.1.3.0
2024-01-15 22:51:42,863 [WARN] PackLoader:240 - Cannot read IP mode file for STMicroelectronics.X-CUBE-TOUCHGFX.4.22.1
2024-01-15 22:51:42,867 [WARN] PackLoader:240 - Cannot read IP mode file for STMicroelectronics.FP-SNS-SMARTAG2.1.2.0
2024-01-15 22:51:42,879 [INFO] LogOutputStream:77 - [STDOUT_REDIRECT] 1 : Invalid condition id : UX_CORESTACK_Condition cause : null
2024-01-15 22:51:42,879 [INFO] LogOutputStream:77 - [STDOUT_REDIRECT] 1 : Invalid condition id : UX_CORESTACK_Condition cause : null
2024-01-15 22:51:42,881 [INFO] LogOutputStream:77 - [STDOUT_REDIRECT] 1 : Invalid condition id : UX_CORESTACK_Condition cause : null
2024-01-15 22:51:42,882 [INFO] LogOutputStream:77 - [STDOUT_REDIRECT] 1 : Invalid condition id : UX_CORESTACK_Condition cause : null
2024-01-15 22:51:42,883 [INFO] LogOutputStream:77 - [STDOUT_REDIRECT] 1 : Invalid condition id : UX_CORESTACK_Condition cause : null
2024-01-15 22:51:42,887 [WARN] PackLoader:240 - Cannot read IP mode file for STMicroelectronics.X-CUBE-AZRTOS-WL.2.0.0
2024-01-15 22:51:42,898 [WARN] PackLoader:240 - Cannot read IP mode file for WES.I-CUBE-Cesium.1.3.0
2024-01-15 22:51:42,909 [WARN] PackLoader:240 - Cannot read IP mode file for STMicroelectronics.X-CUBE-BLE2.3.3.0
2024-01-15 22:51:42,917 [WARN] PackLoader:240 - Cannot read IP mode file for STMicroelectronics.X-CUBE-ALGOBUILD.1.3.0
2024-01-15 22:51:42,934 [WARN] PackLoader:240 - Cannot read IP mode file for STMicroelectronics.X-CUBE-AZRTOS-G0.1.1.0
2024-01-15 22:51:42,954 [WARN] PackLoader:240 - Cannot read IP mode file for STMicroelectronics.X-CUBE-NFC4.3.0.0
2024-01-15 22:51:42,968 [WARN] PackLoader:240 - Cannot read IP mode file for STMicroelectronics.X-CUBE-BLEMGR.3.0.0
2024-01-15 22:51:42,986 [WARN] PackLoader:240 - Cannot read IP mode file for STMicroelectronics.FP-ATR-SIGFOX1.3.2.0
2024-01-15 22:51:42,990 [WARN] PackLoader:240 - Cannot read IP mode file for STMicroelectronics.X-CUBE-GNSS1.6.0.0
2024-01-15 22:51:43,002 [WARN] PackLoader:240 - Cannot read IP mode file for STMicroelectronics.X-CUBE-AZRTOS-F4.1.1.0
2024-01-15 22:51:43,007 [WARN] PackLoader:240 - Cannot read IP mode file for wolfSSL.I-CUBE-wolfSSL.5.6.4
2024-01-15 22:51:43,017 [WARN] PackLoader:240 - Cannot read IP mode file for STMicroelectronics.X-CUBE-AZRTOS-L5.2.0.0
2024-01-15 22:51:43,025 [WARN] PackLoader:240 - Cannot read IP mode file for STMicroelectronics.X-CUBE-EEPRMA1.4.2.0
2024-01-15 22:51:43,030 [WARN] PackLoader:240 - Cannot read IP mode file for ITTIA_DB.I-CUBE-ITTIADB.8.8.0
2024-01-15 22:51:43,041 [WARN] ConditionMgr:438 - getConditionDescription Invalid condition id : UX DEVICE CLASS RTOS Condition cause : null
2024-01-15 22:51:43,041 [WARN] ConditionMgr:438 - getConditionDescription Invalid condition id : UX DEVICE CLASS RTOS Condition cause : null
2024-01-15 22:51:43,043 [WARN] PackLoader:240 - Cannot read IP mode file for STMicroelectronics.X-CUBE-AZRTOS-H7.3.1.0
2024-01-15 22:51:43,044 [WARN] ConditionMgr:1039 - genDependencies : Invalid condition id : UX DEVICE CLASS RTOS Condition cause : null
2024-01-15 22:51:43,044 [WARN] ConditionMgr:1039 - genDependencies : Invalid condition id : UX DEVICE CLASS RTOS Condition cause : null
2024-01-15 22:51:43,044 [WARN] ConditionMgr:1039 - genDependencies : Invalid condition id : UX DEVICE CLASS RTOS Condition cause : null
2024-01-15 22:51:43,044 [WARN] ConditionMgr:1039 - genDependencies : Invalid condition id : UX DEVICE CLASS RTOS Condition cause : null
2024-01-15 22:51:43,044 [WARN] ConditionMgr:1039 - genDependencies : Invalid condition id : UX DEVICE CLASS RTOS Condition cause : null
2024-01-15 22:51:43,049 [WARN] PackLoader:240 - Cannot read IP mode file for STMicroelectronics.X-CUBE-NFC7.1.0.1
2024-01-15 22:51:43,055 [WARN] PackLoader:240 - Cannot read IP mode file for STMicroelectronics.X-CUBE-NFC6.3.0.0
2024-01-15 22:51:43,060 [WARN] PackLoader:240 - Cannot read IP mode file for STMicroelectronics.X-CUBE-AI.8.1.0
2024-01-15 22:51:43,072 [WARN] ConditionMgr:438 - getConditionDescription Invalid condition id : LAN8742 Phy interface Condition cause : null
2024-01-15 22:51:43,072 [WARN] PackLoader:240 - Cannot read IP mode file for STMicroelectronics.X-CUBE-AZRTOS-L4.2.0.0
2024-01-15 22:51:43,073 [WARN] ConditionMgr:1039 - genDependencies : Invalid condition id : LAN8742 Phy interface Condition cause : null
2024-01-15 22:51:43,073 [WARN] ConditionMgr:1039 - genDependencies : Invalid condition id : LAN8742 Phy interface Condition cause : null
2024-01-15 22:51:43,074 [WARN] ConditionMgr:1039 - genDependencies : Invalid condition id : LAN8742 Phy interface Condition cause : null
2024-01-15 22:51:43,079 [WARN] PackLoader:240 - Cannot read IP mode file for STMicroelectronics.X-CUBE-SFXS2LP1.4.0.0
2024-01-15 22:51:43,084 [WARN] PackLoader:240 - Cannot read IP mode file for STMicroelectronics.X-CUBE-ISPU.1.1.0
2024-01-15 22:51:43,094 [WARN] ConditionMgr:438 - getConditionDescription Invalid condition id : UX DEVICE CLASS RTOS Condition cause : null
2024-01-15 22:51:43,094 [WARN] ConditionMgr:438 - getConditionDescription Invalid condition id : UX DEVICE CLASS RTOS Condition cause : null
2024-01-15 22:51:43,096 [WARN] PackLoader:240 - Cannot read IP mode file for STMicroelectronics.X-CUBE-AZRTOS-WB.2.0.0
2024-01-15 22:51:43,096 [WARN] ConditionMgr:1039 - genDependencies : Invalid condition id : UX DEVICE CLASS RTOS Condition cause : null
2024-01-15 22:51:43,096 [WARN] ConditionMgr:1039 - genDependencies : Invalid condition id : UX DEVICE CLASS RTOS Condition cause : null
2024-01-15 22:51:43,097 [WARN] ConditionMgr:1039 - genDependencies : Invalid condition id : UX DEVICE CLASS RTOS Condition cause : null
2024-01-15 22:51:43,097 [WARN] ConditionMgr:1039 - genDependencies : Invalid condition id : UX DEVICE CLASS RTOS Condition cause : null
2024-01-15 22:51:43,097 [WARN] ConditionMgr:1039 - genDependencies : Invalid condition id : UX DEVICE CLASS RTOS Condition cause : null
2024-01-15 22:51:43,106 [WARN] PackLoader:240 - Cannot read IP mode file for STMicroelectronics.X-CUBE-SUBG2.5.0.0
2024-01-15 22:51:43,132 [WARN] PackLoader:240 - Cannot read IP mode file for STMicroelectronics.X-CUBE-AZRTOS-G4.2.0.0
2024-01-15 22:51:43,143 [WARN] PackLoader:240 - Cannot read IP mode file for Infineon.AIROC-Wi-Fi-Bluetooth-STM32.1.5.1
2024-01-15 22:51:43,149 [WARN] PackLoader:240 - Cannot read IP mode file for STMicroelectronics.FP-SNS-MOTENVWB1.1.3.0
2024-01-15 22:51:43,153 [WARN] PackLoader:240 - Cannot read IP mode file for STMicroelectronics.FP-SNS-MOTENVWB1.1.3.1
2024-01-15 22:51:43,156 [WARN] PackLoader:240 - Cannot read IP mode file for STMicroelectronics.X-CUBE-ISPU.2.0.0
2024-01-15 22:51:43,181 [WARN] PackLoader:240 - Cannot read IP mode file for STMicroelectronics.X-CUBE-MEMS1.10.0.0
2024-01-15 22:51:43,284 [WARN] PackLoader:240 - Cannot read IP mode file for STMicroelectronics.X-CUBE-FREERTOS.1.1.0
2024-01-15 22:51:43,290 [WARN] PackLoader:240 - Cannot read IP mode file for portGmbH.I-Cube-SoM-uGOAL.1.1.0
2024-01-15 22:51:43,294 [WARN] PackLoader:240 - Cannot read IP mode file for STMicroelectronics.X-CUBE-ALS.1.0.1
2024-01-15 22:51:43,298 [WARN] PackLoader:240 - Cannot read IP mode file for STMicroelectronics.FP-ATR-ASTRA1.2.0.0
2024-01-15 22:51:43,306 [WARN] PackLoader:240 - Cannot read IP mode file for STMicroelectronics.X-CUBE-TOF1.3.4.0
2024-01-15 22:51:43,329 [WARN] PackLoader:240 - Cannot read IP mode file for STMicroelectronics.X-CUBE-AZRTOS-H7.3.2.0
2024-01-15 22:51:43,333 [INFO] ThirdParty:978 - Integrity check success = true
2024-01-15 22:51:43,333 [INFO] IntegrityCheckThread:100 - exiting critical section [integrity check]
2024-01-15 22:51:43,333 [INFO] IntegrityCheckThread:103 - End integrity checks thread
2024-01-15 22:52:02,173 [ERROR] LogOutputStream:75 - [STDERR_REDIRECT] SLF4J: Failed to load class "org.slf4j.impl.StaticLoggerBinder".
2024-01-15 22:52:02,174 [ERROR] LogOutputStream:75 - [STDERR_REDIRECT] SLF4J: Defaulting to no-operation (NOP) logger implementation
2024-01-15 22:52:02,175 [ERROR] LogOutputStream:75 - [STDERR_REDIRECT] SLF4J: See http://www.slf4j.org/codes.html#StaticLoggerBinder for further details.
2024-01-15 22:52:30,399 [INFO] LogOutputStream:77 - [STDOUT_REDIRECT] Unexpected error loading extension: org.eclipse.equinox.p2.metadata.repository.compositeRepository
2024-01-15 22:52:30,401 [ERROR] LogOutputStream:75 - [STDERR_REDIRECT] java.lang.NullPointerException: Cannot enter synchronized block because "this.browseFileTransferProtocolMap" is null
2024-01-15 22:52:30,402 [ERROR] LogOutputStream:75 - [STDERR_REDIRECT] 	at org.eclipse.ecf.internal.provider.filetransfer.Activator.getBrowseFileTransfer(Activator.java:633)
2024-01-15 22:52:30,404 [ERROR] LogOutputStream:75 - [STDERR_REDIRECT] 	at org.eclipse.ecf.provider.filetransfer.browse.MultiProtocolFileSystemBrowserAdapter.sendBrowseRequest(MultiProtocolFileSystemBrowserAdapter.java:81)
2024-01-15 22:52:30,405 [ERROR] LogOutputStream:75 - [STDERR_REDIRECT] 	at org.eclipse.equinox.internal.p2.transport.ecf.FileInfoReader.sendBrowseRequest(FileInfoReader.java:184)
2024-01-15 22:52:30,406 [ERROR] LogOutputStream:75 - [STDERR_REDIRECT] 	at org.eclipse.equinox.internal.p2.transport.ecf.FileInfoReader.getRemoteFiles(FileInfoReader.java:109)
2024-01-15 22:52:30,407 [ERROR] LogOutputStream:75 - [STDERR_REDIRECT] 	at org.eclipse.equinox.internal.p2.transport.ecf.FileInfoReader.getRemoteFile(FileInfoReader.java:125)
2024-01-15 22:52:30,409 [ERROR] LogOutputStream:75 - [STDERR_REDIRECT] 	at org.eclipse.equinox.internal.p2.transport.ecf.FileInfoReader.getLastModified(FileInfoReader.java:130)
2024-01-15 22:52:30,411 [ERROR] LogOutputStream:75 - [STDERR_REDIRECT] 	at org.eclipse.equinox.internal.p2.transport.ecf.RepositoryTransport.getLastModified(RepositoryTransport.java:244)
2024-01-15 22:52:30,412 [ERROR] LogOutputStream:75 - [STDERR_REDIRECT] 	at org.eclipse.equinox.internal.p2.repository.CacheManager.getLastModified(CacheManager.java:289)
2024-01-15 22:52:30,413 [ERROR] LogOutputStream:75 - [STDERR_REDIRECT] 	at org.eclipse.equinox.internal.p2.repository.CacheManager.createCache(CacheManager.java:234)
2024-01-15 22:52:30,415 [ERROR] LogOutputStream:75 - [STDERR_REDIRECT] 	at org.eclipse.equinox.internal.p2.metadata.repository.CompositeMetadataRepositoryFactory.getLocalFile(CompositeMetadataRepositoryFactory.java:77)
2024-01-15 22:52:30,417 [ERROR] LogOutputStream:75 - [STDERR_REDIRECT] 	at org.eclipse.equinox.internal.p2.metadata.repository.CompositeMetadataRepositoryFactory.load(CompositeMetadataRepositoryFactory.java:100)
2024-01-15 22:52:30,418 [ERROR] LogOutputStream:75 - [STDERR_REDIRECT] 	at org.eclipse.equinox.internal.p2.metadata.repository.MetadataRepositoryManager.factoryLoad(MetadataRepositoryManager.java:63)
2024-01-15 22:52:30,420 [ERROR] LogOutputStream:75 - [STDERR_REDIRECT] 	at org.eclipse.equinox.internal.p2.repository.helpers.AbstractRepositoryManager.loadRepository(AbstractRepositoryManager.java:787)
2024-01-15 22:52:30,421 [ERROR] LogOutputStream:75 - [STDERR_REDIRECT] 	at org.eclipse.equinox.internal.p2.repository.helpers.AbstractRepositoryManager.loadRepository(AbstractRepositoryManager.java:685)
2024-01-15 22:52:30,423 [ERROR] LogOutputStream:75 - [STDERR_REDIRECT] 	at org.eclipse.equinox.internal.p2.metadata.repository.MetadataRepositoryManager.loadRepository(MetadataRepositoryManager.java:110)
2024-01-15 22:52:30,424 [ERROR] LogOutputStream:75 - [STDERR_REDIRECT] 	at org.eclipse.equinox.internal.p2.metadata.repository.MetadataRepositoryManager.loadRepository(MetadataRepositoryManager.java:105)
2024-01-15 22:52:30,426 [ERROR] LogOutputStream:75 - [STDERR_REDIRECT] 	at org.eclipse.equinox.internal.p2.metadata.repository.CompositeMetadataRepository.addChild(CompositeMetadataRepository.java:171)
2024-01-15 22:52:30,428 [ERROR] LogOutputStream:75 - [STDERR_REDIRECT] 	at org.eclipse.equinox.internal.p2.metadata.repository.CompositeMetadataRepository.<init>(CompositeMetadataRepository.java:113)
